<?xml version="1.0" encoding="utf-8"?><testsuites><testsuite errors="0" failures="0" hostname="RBENDRE-M-CMQM" name="pytest" skipped="0" tests="85" time="0.441" timestamp="2024-11-04T12:35:28.293015"><testcase classname="bin.test.test_back_off_paginator.TestBackOffPaginator" file="bin/test/test_back_off_paginator.py" line="193" name="test_next_offset_cast_to_text_type" time="0.000"></testcase><testcase classname="bin.test.test_back_off_paginator.TestBackOffPaginator" file="bin/test/test_back_off_paginator.py" line="167" name="test_next_offset_metadata_precedence" time="0.000"></testcase><testcase classname="bin.test.test_back_off_paginator.TestBackOffPaginator" file="bin/test/test_back_off_paginator.py" line="229" name="test_num_of_pages_returned_offset_in_metadata" time="0.001"></testcase><testcase classname="bin.test.test_back_off_paginator.TestBackOffPaginator" file="bin/test/test_back_off_paginator.py" line="256" name="test_num_of_pages_returned_offset_in_response" time="0.001"></testcase><testcase classname="bin.test.test_back_off_paginator.TestBackOffPaginator" file="bin/test/test_back_off_paginator.py" line="283" name="test_num_of_pages_returned_with_max_pages_set" time="0.000"></testcase><testcase classname="bin.test.test_back_off_paginator.TestBackOffPaginator" file="bin/test/test_back_off_paginator.py" line="124" name="test_offset_from_md_doesnt_exist" time="0.000"></testcase><testcase classname="bin.test.test_back_off_paginator.TestBackOffPaginator" file="bin/test/test_back_off_paginator.py" line="99" name="test_offset_from_md_exists" time="0.000"></testcase><testcase classname="bin.test.test_back_off_paginator.TestBackOffPaginator" file="bin/test/test_back_off_paginator.py" line="138" name="test_offset_from_request_exists" time="0.000"></testcase><testcase classname="bin.test.test_back_off_paginator.TestBackOffPaginator" file="bin/test/test_back_off_paginator.py" line="207" name="test_throws_max_retries_exception" time="0.001"></testcase><testcase classname="bin.test.test_back_off_paginator.TestBackOffPaginator" file="bin/test/test_back_off_paginator.py" line="311" name="test_wait_seconds_between_pages_calls_sleep" time="0.003"></testcase><testcase classname="bin.test.test_base_log.BaseLogTestCase" file="bin/test/test_base_log.py" line="184" name="test_get_last_timestamp_from_file" time="0.008"></testcase><testcase classname="bin.test.test_base_log.BaseLogTestCase" file="bin/test/test_base_log.py" line="206" name="test_get_last_timestamp_from_file_not_exists_error" time="0.001"></testcase><testcase classname="bin.test.test_base_log.BaseLogTestCase" file="bin/test/test_base_log.py" line="218" name="test_get_last_timestamp_from_file_permissions_error" time="0.001"></testcase><testcase classname="bin.test.test_base_log.BaseLogTestCase" file="bin/test/test_base_log.py" line="197" name="test_get_last_timestamp_from_file_value_error" time="0.001"></testcase><testcase classname="bin.test.test_base_log.BaseLogTestCase" file="bin/test/test_base_log.py" line="236" name="test_get_last_timestamp_from_kvstore" time="0.001"></testcase><testcase classname="bin.test.test_base_log.BaseLogTestCase" file="bin/test/test_base_log.py" line="318" name="test_get_last_timestamp_from_kvstore_exception" time="0.001"></testcase><testcase classname="bin.test.test_base_log.BaseLogTestCase" file="bin/test/test_base_log.py" line="425" name="test_get_last_timestamp_from_kvstore_millis_to_millis" time="0.001"></testcase><testcase classname="bin.test.test_base_log.BaseLogTestCase" file="bin/test/test_base_log.py" line="387" name="test_get_last_timestamp_from_kvstore_millis_to_seconds" time="0.001"></testcase><testcase classname="bin.test.test_base_log.BaseLogTestCase" file="bin/test/test_base_log.py" line="279" name="test_get_last_timestamp_from_kvstore_no_data" time="0.001"></testcase><testcase classname="bin.test.test_base_log.BaseLogTestCase" file="bin/test/test_base_log.py" line="356" name="test_get_last_timestamp_from_kvstore_seconds_to_millis" time="0.001"></testcase><testcase classname="bin.test.test_base_log.BaseLogTestCase" file="bin/test/test_base_log.py" line="179" name="test_get_timestamp_file_path" time="0.001"></testcase><testcase classname="bin.test.test_base_log.BaseLogTestCase" file="bin/test/test_base_log.py" line="139" name="test_init" time="0.001"></testcase><testcase classname="bin.test.test_base_log.BaseLogTestCase" file="bin/test/test_base_log.py" line="165" name="test_init_no_admin_api_error" time="0.001"></testcase><testcase classname="bin.test.test_base_log.BaseLogTestCase" file="bin/test/test_base_log.py" line="169" name="test_init_no_splunk_session_data_error" time="0.001"></testcase><testcase classname="bin.test.test_base_log.BaseLogTestCase" file="bin/test/test_base_log.py" line="528" name="test_put_last_timestamp_in_kvstore_exception" time="0.001"></testcase><testcase classname="bin.test.test_base_log.BaseLogTestCase" file="bin/test/test_base_log.py" line="463" name="test_put_last_timestamp_in_kvstore_insert" time="0.001"></testcase><testcase classname="bin.test.test_base_log.BaseLogTestCase" file="bin/test/test_base_log.py" line="495" name="test_put_last_timestamp_in_kvstore_update" time="0.001"></testcase><testcase classname="bin.test.test_duo_input.ModInputTest" file="bin/test/test_duo_input.py" line="344" name="test_fail_if_interval_under_120_seconds" time="0.000"></testcase><testcase classname="bin.test.test_duo_input.ModInputTest" file="bin/test/test_duo_input.py" line="322" name="test_fail_without_admin_log_access" time="0.001"></testcase><testcase classname="bin.test.test_duo_input.ModInputTest" file="bin/test/test_duo_input.py" line="302" name="test_fail_without_info_summary_access" time="0.000"></testcase><testcase classname="bin.test.test_duo_input.ModInputTest" file="bin/test/test_duo_input.py" line="195" name="test_get_config_omits_specific_values_when_masking_skey" time="0.002"></testcase><testcase classname="bin.test.test_duo_input.ModInputTest" file="bin/test/test_duo_input.py" line="152" name="test_get_config_returns_correct_params" time="0.001"></testcase><testcase classname="bin.test.test_duo_input.ModInputTest" file="bin/test/test_duo_input.py" line="291" name="test_get_interval_returns_120_for_a_string" time="0.000"></testcase><testcase classname="bin.test.test_duo_input.ModInputTest" file="bin/test/test_duo_input.py" line="280" name="test_get_interval_returns_120_for_cron_schedule" time="0.000"></testcase><testcase classname="bin.test.test_duo_input.ModInputTest" file="bin/test/test_duo_input.py" line="270" name="test_get_interval_returns_correct_interval" time="0.000"></testcase><testcase classname="bin.test.test_duo_input.ModInputTest" file="bin/test/test_duo_input.py" line="259" name="test_get_validation_data_returns_correct_params" time="0.000"></testcase><testcase classname="bin.test.test_duo_input.ModInputTest" file="bin/test/test_duo_input.py" line="124" name="test_scheme_has_correct_arguments" time="0.001"></testcase><testcase classname="bin.test.test_duo_input.ModInputTest" file="bin/test/test_duo_input.py" line="116" name="test_scheme_has_external_validation_on" time="0.001"></testcase><testcase classname="bin.test.test_duo_input.ModInputTest" file="bin/test/test_duo_input.py" line="143" name="test_scheme_has_streaming_mode_on" time="0.001"></testcase><testcase classname="bin.test.test_duo_input.ModInputTest" file="bin/test/test_duo_input.py" line="364" name="test_valid_with_log_access_and_interval_of_120" time="0.000"></testcase><testcase classname="bin.test.test_paginated_account_log.PaginatedAccountLogTestCase" file="bin/test/test_paginated_account_log.py" line="63" name="test_run" time="0.002"></testcase><testcase classname="bin.test.test_paginated_account_log.PaginatedAccountLogTestCase" file="bin/test/test_paginated_account_log.py" line="99" name="test_run_update_last_timestamp_less_than" time="0.002"><system-out>{&quot;ctime&quot;: &quot;Sun Sep  9 07:16:43 2001&quot;, &quot;admin_count&quot;: 2, &quot;eventtype&quot;: &quot;account&quot;, &quot;integration_count&quot;: 246, &quot;telephony_credits_remaining&quot;: 0, &quot;timestamp&quot;: 1000000003, &quot;user_count&quot;: 140, &quot;host&quot;: &quot;api-xxxxxx.test.duosecurity.com&quot;}
{&quot;ctime&quot;: &quot;Sun Sep  9 07:16:43 2001&quot;, &quot;admin_count&quot;: 2, &quot;eventtype&quot;: &quot;account&quot;, &quot;integration_count&quot;: 2, &quot;telephony_credits_remaining&quot;: 2500, &quot;user_count&quot;: 1500, &quot;timestamp&quot;: 1000000003, &quot;host&quot;: &quot;api-xxxxxx.test.duosecurity.com&quot;}
</system-out></testcase><testcase classname="bin.test.test_paginated_account_log.PaginatedAccountLogTestCase" file="bin/test/test_paginated_account_log.py" line="120" name="test_run_update_last_timestamp_on_exception" time="0.002"></testcase><testcase classname="bin.test.test_paginated_administrator_log.PaginatedAdministratorLogTestCase" file="bin/test/test_paginated_administrator_log.py" line="130" name="test_run_last_timestamp_no_update" time="0.002"><system-out>{&quot;ctime&quot;: &quot;Sun Mar 13 03:06:40 2011&quot;, &quot;timestamp&quot;: 1300000000, &quot;host&quot;: &quot;api-xxxxxx.test.duosecurity.com&quot;, &quot;eventtype&quot;: &quot;administrator&quot;, &quot;actionlabel&quot;: &quot;Modified policy&quot;, &quot;username&quot;: &quot;Gary Admin&quot;, &quot;description&quot;: &quot;{&apos;min_ios_version&apos;: &apos;8.0&apos;,\n&apos;min_android_version&apos;: &apos;4.0&apos;, &apos;min_windows_version&apos;:\n&apos;8.1&apos;, &apos;min_osx_version&apos;: &apos;10.10&apos;}&quot;, &quot;object&quot;: &quot;OS Policy Test&quot;, &quot;action&quot;: &quot;policy_update&quot;}
{&quot;ctime&quot;: &quot;Tue May 13 12:53:20 2014&quot;, &quot;timestamp&quot;: 1400000000, &quot;host&quot;: &quot;api-xxxxxx.test.duosecurity.com&quot;, &quot;eventtype&quot;: &quot;administrator&quot;, &quot;actionlabel&quot;: &quot;Viewed secret key&quot;, &quot;username&quot;: &quot;Gary Admin&quot;, &quot;description&quot;: &quot;{&apos;none&apos;: &apos;&apos;}&quot;, &quot;object&quot;: &quot;Auth API&quot;, &quot;action&quot;: &quot;integration_skey_view&quot;}
{&quot;ctime&quot;: &quot;Tue May 13 12:53:21 2014&quot;, &quot;timestamp&quot;: 1400000001, &quot;host&quot;: &quot;api-xxxxxx.test.duosecurity.com&quot;, &quot;eventtype&quot;: &quot;administrator&quot;, &quot;actionlabel&quot;: &quot;Remove application group policy&quot;, &quot;username&quot;: &quot;Gary Admin&quot;, &quot;description&quot;: &quot;{&apos;policy&apos;: &apos;OS Policy Test&apos;, &apos;groups&apos;: &apos;&apos;}&quot;, &quot;object&quot;: &quot;Auth API&quot;, &quot;action&quot;: &quot;integration_group_policy_remove&quot;}
{&quot;ctime&quot;: &quot;Thu Jul 13 22:40:00 2017&quot;, &quot;timestamp&quot;: 1500000000, &quot;host&quot;: &quot;api-xxxxxx.test.duosecurity.com&quot;, &quot;eventtype&quot;: &quot;administrator&quot;, &quot;actionlabel&quot;: &quot;Logged in&quot;, &quot;username&quot;: &quot;Gary Admin&quot;, &quot;description&quot;: &quot;{&apos;ip_address&apos;: &apos;1.2.3.4&apos;}&quot;, &quot;object&quot;: null, &quot;action&quot;: &quot;admin_login&quot;}
</system-out></testcase><testcase classname="bin.test.test_paginated_administrator_log.PaginatedAdministratorLogTestCase" file="bin/test/test_paginated_administrator_log.py" line="65" name="test_run_output" time="0.002"></testcase><testcase classname="bin.test.test_paginated_administrator_log.PaginatedAdministratorLogTestCase" file="bin/test/test_paginated_administrator_log.py" line="97" name="test_run_output_with_unknown_code" time="0.002"></testcase><testcase classname="bin.test.test_paginated_authentication_log.PaginatedAuthenticationLogTestCase" file="bin/test/test_paginated_authentication_log.py" line="95" name="test_run_last_timestamp_no_update" time="0.002"><system-out>{&quot;ctime&quot;: &quot;Sun Mar 13 03:06:40 2011&quot;, &quot;timestamp&quot;: 1300000000, &quot;host&quot;: &quot;api-xxxxxx.test.duosecurity.com&quot;, &quot;eventtype&quot;: &quot;authentication&quot;, &quot;username&quot;: &quot;asdf&quot;, &quot;user_agent&quot;: &quot;duo_splunk_app/1.0;6.4.1;2.7.10;Darwin-15.5.0&quot;, &quot;new_enrollment&quot;: false, &quot;ip&quot;: &quot;1.2.3.4&quot;, &quot;integration&quot;: &quot;adminapi&quot;, &quot;reason&quot;: &quot;User approved&quot;, &quot;result&quot;: &quot;SUCCESS&quot;, &quot;factor&quot;: &quot;Duo Push&quot;, &quot;device&quot;: &quot;000-000-0000&quot;}
{&quot;ctime&quot;: &quot;Tue May 13 12:53:20 2014&quot;, &quot;timestamp&quot;: 1400000000, &quot;host&quot;: &quot;api-xxxxxx.test.duosecurity.com&quot;, &quot;eventtype&quot;: &quot;authentication&quot;, &quot;username&quot;: &quot;asdf&quot;, &quot;user_agent&quot;: &quot;duo_splunk_app/1.0;6.4.1;2.7.10;Darwin-15.5.0&quot;, &quot;new_enrollment&quot;: false, &quot;ip&quot;: &quot;1.2.3.4&quot;, &quot;integration&quot;: &quot;adminapi&quot;, &quot;reason&quot;: &quot;User approved&quot;, &quot;result&quot;: &quot;SUCCESS&quot;, &quot;factor&quot;: &quot;Phone Call&quot;, &quot;device&quot;: &quot;000-000-0000&quot;}
{&quot;ctime&quot;: &quot;Tue May 13 12:53:21 2014&quot;, &quot;timestamp&quot;: 1400000001, &quot;host&quot;: &quot;api-xxxxxx.test.duosecurity.com&quot;, &quot;eventtype&quot;: &quot;authentication&quot;, &quot;username&quot;: &quot;asdf&quot;, &quot;user_agent&quot;: &quot;duo_splunk_app/1.0;6.4.1;2.7.10;Darwin-15.5.0&quot;, &quot;new_enrollment&quot;: false, &quot;ip&quot;: &quot;1.2.3.4&quot;, &quot;integration&quot;: &quot;adminapi&quot;, &quot;reason&quot;: &quot;User approved&quot;, &quot;result&quot;: &quot;SUCCESS&quot;, &quot;factor&quot;: &quot;Duo Push&quot;, &quot;device&quot;: &quot;000-000-0000&quot;}
{&quot;ctime&quot;: &quot;Thu Jul 13 22:40:00 2017&quot;, &quot;timestamp&quot;: 1500000000, &quot;host&quot;: &quot;api-xxxxxx.test.duosecurity.com&quot;, &quot;eventtype&quot;: &quot;authentication&quot;, &quot;username&quot;: &quot;asdf&quot;, &quot;user_agent&quot;: &quot;duo_splunk_app/1.0;6.4.1;2.7.10;Darwin-15.5.0&quot;, &quot;new_enrollment&quot;: false, &quot;ip&quot;: &quot;1.2.3.4&quot;, &quot;integration&quot;: &quot;adminapi&quot;, &quot;reason&quot;: &quot;User approved&quot;, &quot;result&quot;: &quot;SUCCESS&quot;, &quot;factor&quot;: &quot;Duo Push&quot;, &quot;device&quot;: &quot;000-000-0000&quot;}
</system-out></testcase><testcase classname="bin.test.test_paginated_authentication_log.PaginatedAuthenticationLogTestCase" file="bin/test/test_paginated_authentication_log.py" line="61" name="test_run_output" time="0.002"></testcase><testcase classname="bin.test.test_paginated_authentication_v2_log.PaginatedAuthLogV2TestCase" file="bin/test/test_paginated_authentication_v2_log.py" line="109" name="test_run_last_timestamp_no_update" time="0.003"><system-out>{&quot;ctime&quot;: &quot;Thu Jan  1 05:30:00 1970&quot;, &quot;data&quot;: 0, &quot;isotimestamp&quot;: &quot;1970-01-01T00:00:00.654321+00:00&quot;, &quot;timestamp&quot;: 0, &quot;host&quot;: &quot;api-xxxxxx.test.duosecurity.com&quot;, &quot;eventtype&quot;: &quot;authentication_v2&quot;}
{&quot;ctime&quot;: &quot;Thu Jan  1 05:30:01 1970&quot;, &quot;data&quot;: 1, &quot;isotimestamp&quot;: &quot;1970-01-01T00:00:01.654321+00:00&quot;, &quot;timestamp&quot;: 1, &quot;host&quot;: &quot;api-xxxxxx.test.duosecurity.com&quot;, &quot;eventtype&quot;: &quot;authentication_v2&quot;}
{&quot;ctime&quot;: &quot;Thu Jan  1 05:30:02 1970&quot;, &quot;data&quot;: 2, &quot;isotimestamp&quot;: &quot;1970-01-01T00:00:02.654321+00:00&quot;, &quot;timestamp&quot;: 2, &quot;host&quot;: &quot;api-xxxxxx.test.duosecurity.com&quot;, &quot;eventtype&quot;: &quot;authentication_v2&quot;}
{&quot;ctime&quot;: &quot;Thu Jan  1 05:30:03 1970&quot;, &quot;data&quot;: 3, &quot;isotimestamp&quot;: &quot;1970-01-01T00:00:03.654321+00:00&quot;, &quot;timestamp&quot;: 3, &quot;host&quot;: &quot;api-xxxxxx.test.duosecurity.com&quot;, &quot;eventtype&quot;: &quot;authentication_v2&quot;}
{&quot;ctime&quot;: &quot;Thu Jan  1 05:30:04 1970&quot;, &quot;data&quot;: 4, &quot;isotimestamp&quot;: &quot;1970-01-01T00:00:04.654321+00:00&quot;, &quot;timestamp&quot;: 4, &quot;host&quot;: &quot;api-xxxxxx.test.duosecurity.com&quot;, &quot;eventtype&quot;: &quot;authentication_v2&quot;}
{&quot;ctime&quot;: &quot;Thu Jan  1 05:30:05 1970&quot;, &quot;data&quot;: 5, &quot;isotimestamp&quot;: &quot;1970-01-01T00:00:05.654321+00:00&quot;, &quot;timestamp&quot;: 5, &quot;host&quot;: &quot;api-xxxxxx.test.duosecurity.com&quot;, &quot;eventtype&quot;: &quot;authentication_v2&quot;}
{&quot;ctime&quot;: &quot;Thu Jan  1 05:30:06 1970&quot;, &quot;data&quot;: 6, &quot;isotimestamp&quot;: &quot;1970-01-01T00:00:06.654321+00:00&quot;, &quot;timestamp&quot;: 6, &quot;host&quot;: &quot;api-xxxxxx.test.duosecurity.com&quot;, &quot;eventtype&quot;: &quot;authentication_v2&quot;}
{&quot;ctime&quot;: &quot;Thu Jan  1 05:30:07 1970&quot;, &quot;data&quot;: 7, &quot;isotimestamp&quot;: &quot;1970-01-01T00:00:07.654321+00:00&quot;, &quot;timestamp&quot;: 7, &quot;host&quot;: &quot;api-xxxxxx.test.duosecurity.com&quot;, &quot;eventtype&quot;: &quot;authentication_v2&quot;}
{&quot;ctime&quot;: &quot;Thu Jan  1 05:30:08 1970&quot;, &quot;data&quot;: 8, &quot;isotimestamp&quot;: &quot;1970-01-01T00:00:08.654321+00:00&quot;, &quot;timestamp&quot;: 8, &quot;host&quot;: &quot;api-xxxxxx.test.duosecurity.com&quot;, &quot;eventtype&quot;: &quot;authentication_v2&quot;}
{&quot;ctime&quot;: &quot;Thu Jan  1 05:30:09 1970&quot;, &quot;data&quot;: 9, &quot;isotimestamp&quot;: &quot;1970-01-01T00:00:09.654321+00:00&quot;, &quot;timestamp&quot;: 9, &quot;host&quot;: &quot;api-xxxxxx.test.duosecurity.com&quot;, &quot;eventtype&quot;: &quot;authentication_v2&quot;}
{&quot;ctime&quot;: &quot;Thu Jan  1 05:30:00 1970&quot;, &quot;data&quot;: 0, &quot;isotimestamp&quot;: &quot;1970-01-01T00:00:00.654321+00:00&quot;, &quot;timestamp&quot;: 0, &quot;host&quot;: &quot;api-xxxxxx.test.duosecurity.com&quot;, &quot;eventtype&quot;: &quot;authentication_v2&quot;}
{&quot;ctime&quot;: &quot;Thu Jan  1 05:30:01 1970&quot;, &quot;data&quot;: 1, &quot;isotimestamp&quot;: &quot;1970-01-01T00:00:01.654321+00:00&quot;, &quot;timestamp&quot;: 1, &quot;host&quot;: &quot;api-xxxxxx.test.duosecurity.com&quot;, &quot;eventtype&quot;: &quot;authentication_v2&quot;}
{&quot;ctime&quot;: &quot;Thu Jan  1 05:30:02 1970&quot;, &quot;data&quot;: 2, &quot;isotimestamp&quot;: &quot;1970-01-01T00:00:02.654321+00:00&quot;, &quot;timestamp&quot;: 2, &quot;host&quot;: &quot;api-xxxxxx.test.duosecurity.com&quot;, &quot;eventtype&quot;: &quot;authentication_v2&quot;}
{&quot;ctime&quot;: &quot;Thu Jan  1 05:30:03 1970&quot;, &quot;data&quot;: 3, &quot;isotimestamp&quot;: &quot;1970-01-01T00:00:03.654321+00:00&quot;, &quot;timestamp&quot;: 3, &quot;host&quot;: &quot;api-xxxxxx.test.duosecurity.com&quot;, &quot;eventtype&quot;: &quot;authentication_v2&quot;}
{&quot;ctime&quot;: &quot;Thu Jan  1 05:30:04 1970&quot;, &quot;data&quot;: 4, &quot;isotimestamp&quot;: &quot;1970-01-01T00:00:04.654321+00:00&quot;, &quot;timestamp&quot;: 4, &quot;host&quot;: &quot;api-xxxxxx.test.duosecurity.com&quot;, &quot;eventtype&quot;: &quot;authentication_v2&quot;}
{&quot;ctime&quot;: &quot;Thu Jan  1 05:30:05 1970&quot;, &quot;data&quot;: 5, &quot;isotimestamp&quot;: &quot;1970-01-01T00:00:05.654321+00:00&quot;, &quot;timestamp&quot;: 5, &quot;host&quot;: &quot;api-xxxxxx.test.duosecurity.com&quot;, &quot;eventtype&quot;: &quot;authentication_v2&quot;}
{&quot;ctime&quot;: &quot;Thu Jan  1 05:30:06 1970&quot;, &quot;data&quot;: 6, &quot;isotimestamp&quot;: &quot;1970-01-01T00:00:06.654321+00:00&quot;, &quot;timestamp&quot;: 6, &quot;host&quot;: &quot;api-xxxxxx.test.duosecurity.com&quot;, &quot;eventtype&quot;: &quot;authentication_v2&quot;}
{&quot;ctime&quot;: &quot;Thu Jan  1 05:30:07 1970&quot;, &quot;data&quot;: 7, &quot;isotimestamp&quot;: &quot;1970-01-01T00:00:07.654321+00:00&quot;, &quot;timestamp&quot;: 7, &quot;host&quot;: &quot;api-xxxxxx.test.duosecurity.com&quot;, &quot;eventtype&quot;: &quot;authentication_v2&quot;}
{&quot;ctime&quot;: &quot;Thu Jan  1 05:30:08 1970&quot;, &quot;data&quot;: 8, &quot;isotimestamp&quot;: &quot;1970-01-01T00:00:08.654321+00:00&quot;, &quot;timestamp&quot;: 8, &quot;host&quot;: &quot;api-xxxxxx.test.duosecurity.com&quot;, &quot;eventtype&quot;: &quot;authentication_v2&quot;}
{&quot;ctime&quot;: &quot;Thu Jan  1 05:30:09 1970&quot;, &quot;data&quot;: 9, &quot;isotimestamp&quot;: &quot;1970-01-01T00:00:09.654321+00:00&quot;, &quot;timestamp&quot;: 9, &quot;host&quot;: &quot;api-xxxxxx.test.duosecurity.com&quot;, &quot;eventtype&quot;: &quot;authentication_v2&quot;}
{&quot;ctime&quot;: &quot;Thu Jan  1 05:30:00 1970&quot;, &quot;data&quot;: 0, &quot;isotimestamp&quot;: &quot;1970-01-01T00:00:00.654321+00:00&quot;, &quot;timestamp&quot;: 0, &quot;host&quot;: &quot;api-xxxxxx.test.duosecurity.com&quot;, &quot;eventtype&quot;: &quot;authentication_v2&quot;}
{&quot;ctime&quot;: &quot;Thu Jan  1 05:30:01 1970&quot;, &quot;data&quot;: 1, &quot;isotimestamp&quot;: &quot;1970-01-01T00:00:01.654321+00:00&quot;, &quot;timestamp&quot;: 1, &quot;host&quot;: &quot;api-xxxxxx.test.duosecurity.com&quot;, &quot;eventtype&quot;: &quot;authentication_v2&quot;}
{&quot;ctime&quot;: &quot;Thu Jan  1 05:30:02 1970&quot;, &quot;data&quot;: 2, &quot;isotimestamp&quot;: &quot;1970-01-01T00:00:02.654321+00:00&quot;, &quot;timestamp&quot;: 2, &quot;host&quot;: &quot;api-xxxxxx.test.duosecurity.com&quot;, &quot;eventtype&quot;: &quot;authentication_v2&quot;}
{&quot;ctime&quot;: &quot;Thu Jan  1 05:30:03 1970&quot;, &quot;data&quot;: 3, &quot;isotimestamp&quot;: &quot;1970-01-01T00:00:03.654321+00:00&quot;, &quot;timestamp&quot;: 3, &quot;host&quot;: &quot;api-xxxxxx.test.duosecurity.com&quot;, &quot;eventtype&quot;: &quot;authentication_v2&quot;}
{&quot;ctime&quot;: &quot;Thu Jan  1 05:30:04 1970&quot;, &quot;data&quot;: 4, &quot;isotimestamp&quot;: &quot;1970-01-01T00:00:04.654321+00:00&quot;, &quot;timestamp&quot;: 4, &quot;host&quot;: &quot;api-xxxxxx.test.duosecurity.com&quot;, &quot;eventtype&quot;: &quot;authentication_v2&quot;}
{&quot;ctime&quot;: &quot;Thu Jan  1 05:30:05 1970&quot;, &quot;data&quot;: 5, &quot;isotimestamp&quot;: &quot;1970-01-01T00:00:05.654321+00:00&quot;, &quot;timestamp&quot;: 5, &quot;host&quot;: &quot;api-xxxxxx.test.duosecurity.com&quot;, &quot;eventtype&quot;: &quot;authentication_v2&quot;}
{&quot;ctime&quot;: &quot;Thu Jan  1 05:30:06 1970&quot;, &quot;data&quot;: 6, &quot;isotimestamp&quot;: &quot;1970-01-01T00:00:06.654321+00:00&quot;, &quot;timestamp&quot;: 6, &quot;host&quot;: &quot;api-xxxxxx.test.duosecurity.com&quot;, &quot;eventtype&quot;: &quot;authentication_v2&quot;}
{&quot;ctime&quot;: &quot;Thu Jan  1 05:30:07 1970&quot;, &quot;data&quot;: 7, &quot;isotimestamp&quot;: &quot;1970-01-01T00:00:07.654321+00:00&quot;, &quot;timestamp&quot;: 7, &quot;host&quot;: &quot;api-xxxxxx.test.duosecurity.com&quot;, &quot;eventtype&quot;: &quot;authentication_v2&quot;}
{&quot;ctime&quot;: &quot;Thu Jan  1 05:30:08 1970&quot;, &quot;data&quot;: 8, &quot;isotimestamp&quot;: &quot;1970-01-01T00:00:08.654321+00:00&quot;, &quot;timestamp&quot;: 8, &quot;host&quot;: &quot;api-xxxxxx.test.duosecurity.com&quot;, &quot;eventtype&quot;: &quot;authentication_v2&quot;}
{&quot;ctime&quot;: &quot;Thu Jan  1 05:30:09 1970&quot;, &quot;data&quot;: 9, &quot;isotimestamp&quot;: &quot;1970-01-01T00:00:09.654321+00:00&quot;, &quot;timestamp&quot;: 9, &quot;host&quot;: &quot;api-xxxxxx.test.duosecurity.com&quot;, &quot;eventtype&quot;: &quot;authentication_v2&quot;}
{&quot;ctime&quot;: &quot;Thu Jan  1 05:30:00 1970&quot;, &quot;data&quot;: 0, &quot;isotimestamp&quot;: &quot;1970-01-01T00:00:00.654321+00:00&quot;, &quot;timestamp&quot;: 0, &quot;host&quot;: &quot;api-xxxxxx.test.duosecurity.com&quot;, &quot;eventtype&quot;: &quot;authentication_v2&quot;}
{&quot;ctime&quot;: &quot;Thu Jan  1 05:30:01 1970&quot;, &quot;data&quot;: 1, &quot;isotimestamp&quot;: &quot;1970-01-01T00:00:01.654321+00:00&quot;, &quot;timestamp&quot;: 1, &quot;host&quot;: &quot;api-xxxxxx.test.duosecurity.com&quot;, &quot;eventtype&quot;: &quot;authentication_v2&quot;}
{&quot;ctime&quot;: &quot;Thu Jan  1 05:30:02 1970&quot;, &quot;data&quot;: 2, &quot;isotimestamp&quot;: &quot;1970-01-01T00:00:02.654321+00:00&quot;, &quot;timestamp&quot;: 2, &quot;host&quot;: &quot;api-xxxxxx.test.duosecurity.com&quot;, &quot;eventtype&quot;: &quot;authentication_v2&quot;}
{&quot;ctime&quot;: &quot;Thu Jan  1 05:30:03 1970&quot;, &quot;data&quot;: 3, &quot;isotimestamp&quot;: &quot;1970-01-01T00:00:03.654321+00:00&quot;, &quot;timestamp&quot;: 3, &quot;host&quot;: &quot;api-xxxxxx.test.duosecurity.com&quot;, &quot;eventtype&quot;: &quot;authentication_v2&quot;}
{&quot;ctime&quot;: &quot;Thu Jan  1 05:30:04 1970&quot;, &quot;data&quot;: 4, &quot;isotimestamp&quot;: &quot;1970-01-01T00:00:04.654321+00:00&quot;, &quot;timestamp&quot;: 4, &quot;host&quot;: &quot;api-xxxxxx.test.duosecurity.com&quot;, &quot;eventtype&quot;: &quot;authentication_v2&quot;}
{&quot;ctime&quot;: &quot;Thu Jan  1 05:30:05 1970&quot;, &quot;data&quot;: 5, &quot;isotimestamp&quot;: &quot;1970-01-01T00:00:05.654321+00:00&quot;, &quot;timestamp&quot;: 5, &quot;host&quot;: &quot;api-xxxxxx.test.duosecurity.com&quot;, &quot;eventtype&quot;: &quot;authentication_v2&quot;}
{&quot;ctime&quot;: &quot;Thu Jan  1 05:30:06 1970&quot;, &quot;data&quot;: 6, &quot;isotimestamp&quot;: &quot;1970-01-01T00:00:06.654321+00:00&quot;, &quot;timestamp&quot;: 6, &quot;host&quot;: &quot;api-xxxxxx.test.duosecurity.com&quot;, &quot;eventtype&quot;: &quot;authentication_v2&quot;}
{&quot;ctime&quot;: &quot;Thu Jan  1 05:30:07 1970&quot;, &quot;data&quot;: 7, &quot;isotimestamp&quot;: &quot;1970-01-01T00:00:07.654321+00:00&quot;, &quot;timestamp&quot;: 7, &quot;host&quot;: &quot;api-xxxxxx.test.duosecurity.com&quot;, &quot;eventtype&quot;: &quot;authentication_v2&quot;}
{&quot;ctime&quot;: &quot;Thu Jan  1 05:30:08 1970&quot;, &quot;data&quot;: 8, &quot;isotimestamp&quot;: &quot;1970-01-01T00:00:08.654321+00:00&quot;, &quot;timestamp&quot;: 8, &quot;host&quot;: &quot;api-xxxxxx.test.duosecurity.com&quot;, &quot;eventtype&quot;: &quot;authentication_v2&quot;}
{&quot;ctime&quot;: &quot;Thu Jan  1 05:30:09 1970&quot;, &quot;data&quot;: 9, &quot;isotimestamp&quot;: &quot;1970-01-01T00:00:09.654321+00:00&quot;, &quot;timestamp&quot;: 9, &quot;host&quot;: &quot;api-xxxxxx.test.duosecurity.com&quot;, &quot;eventtype&quot;: &quot;authentication_v2&quot;}
{&quot;ctime&quot;: &quot;Thu Jan  1 05:30:00 1970&quot;, &quot;data&quot;: 0, &quot;isotimestamp&quot;: &quot;1970-01-01T00:00:00.654321+00:00&quot;, &quot;timestamp&quot;: 0, &quot;host&quot;: &quot;api-xxxxxx.test.duosecurity.com&quot;, &quot;eventtype&quot;: &quot;authentication_v2&quot;}
{&quot;ctime&quot;: &quot;Thu Jan  1 05:30:01 1970&quot;, &quot;data&quot;: 1, &quot;isotimestamp&quot;: &quot;1970-01-01T00:00:01.654321+00:00&quot;, &quot;timestamp&quot;: 1, &quot;host&quot;: &quot;api-xxxxxx.test.duosecurity.com&quot;, &quot;eventtype&quot;: &quot;authentication_v2&quot;}
{&quot;ctime&quot;: &quot;Thu Jan  1 05:30:02 1970&quot;, &quot;data&quot;: 2, &quot;isotimestamp&quot;: &quot;1970-01-01T00:00:02.654321+00:00&quot;, &quot;timestamp&quot;: 2, &quot;host&quot;: &quot;api-xxxxxx.test.duosecurity.com&quot;, &quot;eventtype&quot;: &quot;authentication_v2&quot;}
{&quot;ctime&quot;: &quot;Thu Jan  1 05:30:03 1970&quot;, &quot;data&quot;: 3, &quot;isotimestamp&quot;: &quot;1970-01-01T00:00:03.654321+00:00&quot;, &quot;timestamp&quot;: 3, &quot;host&quot;: &quot;api-xxxxxx.test.duosecurity.com&quot;, &quot;eventtype&quot;: &quot;authentication_v2&quot;}
{&quot;ctime&quot;: &quot;Thu Jan  1 05:30:04 1970&quot;, &quot;data&quot;: 4, &quot;isotimestamp&quot;: &quot;1970-01-01T00:00:04.654321+00:00&quot;, &quot;timestamp&quot;: 4, &quot;host&quot;: &quot;api-xxxxxx.test.duosecurity.com&quot;, &quot;eventtype&quot;: &quot;authentication_v2&quot;}
{&quot;ctime&quot;: &quot;Thu Jan  1 05:30:05 1970&quot;, &quot;data&quot;: 5, &quot;isotimestamp&quot;: &quot;1970-01-01T00:00:05.654321+00:00&quot;, &quot;timestamp&quot;: 5, &quot;host&quot;: &quot;api-xxxxxx.test.duosecurity.com&quot;, &quot;eventtype&quot;: &quot;authentication_v2&quot;}
{&quot;ctime&quot;: &quot;Thu Jan  1 05:30:06 1970&quot;, &quot;data&quot;: 6, &quot;isotimestamp&quot;: &quot;1970-01-01T00:00:06.654321+00:00&quot;, &quot;timestamp&quot;: 6, &quot;host&quot;: &quot;api-xxxxxx.test.duosecurity.com&quot;, &quot;eventtype&quot;: &quot;authentication_v2&quot;}
{&quot;ctime&quot;: &quot;Thu Jan  1 05:30:07 1970&quot;, &quot;data&quot;: 7, &quot;isotimestamp&quot;: &quot;1970-01-01T00:00:07.654321+00:00&quot;, &quot;timestamp&quot;: 7, &quot;host&quot;: &quot;api-xxxxxx.test.duosecurity.com&quot;, &quot;eventtype&quot;: &quot;authentication_v2&quot;}
{&quot;ctime&quot;: &quot;Thu Jan  1 05:30:08 1970&quot;, &quot;data&quot;: 8, &quot;isotimestamp&quot;: &quot;1970-01-01T00:00:08.654321+00:00&quot;, &quot;timestamp&quot;: 8, &quot;host&quot;: &quot;api-xxxxxx.test.duosecurity.com&quot;, &quot;eventtype&quot;: &quot;authentication_v2&quot;}
{&quot;ctime&quot;: &quot;Thu Jan  1 05:30:09 1970&quot;, &quot;data&quot;: 9, &quot;isotimestamp&quot;: &quot;1970-01-01T00:00:09.654321+00:00&quot;, &quot;timestamp&quot;: 9, &quot;host&quot;: &quot;api-xxxxxx.test.duosecurity.com&quot;, &quot;eventtype&quot;: &quot;authentication_v2&quot;}
{&quot;ctime&quot;: &quot;Thu Jan  1 05:30:00 1970&quot;, &quot;data&quot;: 0, &quot;isotimestamp&quot;: &quot;1970-01-01T00:00:00.654321+00:00&quot;, &quot;timestamp&quot;: 0, &quot;host&quot;: &quot;api-xxxxxx.test.duosecurity.com&quot;, &quot;eventtype&quot;: &quot;authentication_v2&quot;}
{&quot;ctime&quot;: &quot;Thu Jan  1 05:30:01 1970&quot;, &quot;data&quot;: 1, &quot;isotimestamp&quot;: &quot;1970-01-01T00:00:01.654321+00:00&quot;, &quot;timestamp&quot;: 1, &quot;host&quot;: &quot;api-xxxxxx.test.duosecurity.com&quot;, &quot;eventtype&quot;: &quot;authentication_v2&quot;}
{&quot;ctime&quot;: &quot;Thu Jan  1 05:30:02 1970&quot;, &quot;data&quot;: 2, &quot;isotimestamp&quot;: &quot;1970-01-01T00:00:02.654321+00:00&quot;, &quot;timestamp&quot;: 2, &quot;host&quot;: &quot;api-xxxxxx.test.duosecurity.com&quot;, &quot;eventtype&quot;: &quot;authentication_v2&quot;}
{&quot;ctime&quot;: &quot;Thu Jan  1 05:30:03 1970&quot;, &quot;data&quot;: 3, &quot;isotimestamp&quot;: &quot;1970-01-01T00:00:03.654321+00:00&quot;, &quot;timestamp&quot;: 3, &quot;host&quot;: &quot;api-xxxxxx.test.duosecurity.com&quot;, &quot;eventtype&quot;: &quot;authentication_v2&quot;}
{&quot;ctime&quot;: &quot;Thu Jan  1 05:30:04 1970&quot;, &quot;data&quot;: 4, &quot;isotimestamp&quot;: &quot;1970-01-01T00:00:04.654321+00:00&quot;, &quot;timestamp&quot;: 4, &quot;host&quot;: &quot;api-xxxxxx.test.duosecurity.com&quot;, &quot;eventtype&quot;: &quot;authentication_v2&quot;}
{&quot;ctime&quot;: &quot;Thu Jan  1 05:30:05 1970&quot;, &quot;data&quot;: 5, &quot;isotimestamp&quot;: &quot;1970-01-01T00:00:05.654321+00:00&quot;, &quot;timestamp&quot;: 5, &quot;host&quot;: &quot;api-xxxxxx.test.duosecurity.com&quot;, &quot;eventtype&quot;: &quot;authentication_v2&quot;}
{&quot;ctime&quot;: &quot;Thu Jan  1 05:30:06 1970&quot;, &quot;data&quot;: 6, &quot;isotimestamp&quot;: &quot;1970-01-01T00:00:06.654321+00:00&quot;, &quot;timestamp&quot;: 6, &quot;host&quot;: &quot;api-xxxxxx.test.duosecurity.com&quot;, &quot;eventtype&quot;: &quot;authentication_v2&quot;}
{&quot;ctime&quot;: &quot;Thu Jan  1 05:30:07 1970&quot;, &quot;data&quot;: 7, &quot;isotimestamp&quot;: &quot;1970-01-01T00:00:07.654321+00:00&quot;, &quot;timestamp&quot;: 7, &quot;host&quot;: &quot;api-xxxxxx.test.duosecurity.com&quot;, &quot;eventtype&quot;: &quot;authentication_v2&quot;}
{&quot;ctime&quot;: &quot;Thu Jan  1 05:30:08 1970&quot;, &quot;data&quot;: 8, &quot;isotimestamp&quot;: &quot;1970-01-01T00:00:08.654321+00:00&quot;, &quot;timestamp&quot;: 8, &quot;host&quot;: &quot;api-xxxxxx.test.duosecurity.com&quot;, &quot;eventtype&quot;: &quot;authentication_v2&quot;}
{&quot;ctime&quot;: &quot;Thu Jan  1 05:30:09 1970&quot;, &quot;data&quot;: 9, &quot;isotimestamp&quot;: &quot;1970-01-01T00:00:09.654321+00:00&quot;, &quot;timestamp&quot;: 9, &quot;host&quot;: &quot;api-xxxxxx.test.duosecurity.com&quot;, &quot;eventtype&quot;: &quot;authentication_v2&quot;}
{&quot;ctime&quot;: &quot;Thu Jan  1 05:30:00 1970&quot;, &quot;data&quot;: 0, &quot;isotimestamp&quot;: &quot;1970-01-01T00:00:00.654321+00:00&quot;, &quot;timestamp&quot;: 0, &quot;host&quot;: &quot;api-xxxxxx.test.duosecurity.com&quot;, &quot;eventtype&quot;: &quot;authentication_v2&quot;}
{&quot;ctime&quot;: &quot;Thu Jan  1 05:30:01 1970&quot;, &quot;data&quot;: 1, &quot;isotimestamp&quot;: &quot;1970-01-01T00:00:01.654321+00:00&quot;, &quot;timestamp&quot;: 1, &quot;host&quot;: &quot;api-xxxxxx.test.duosecurity.com&quot;, &quot;eventtype&quot;: &quot;authentication_v2&quot;}
{&quot;ctime&quot;: &quot;Thu Jan  1 05:30:02 1970&quot;, &quot;data&quot;: 2, &quot;isotimestamp&quot;: &quot;1970-01-01T00:00:02.654321+00:00&quot;, &quot;timestamp&quot;: 2, &quot;host&quot;: &quot;api-xxxxxx.test.duosecurity.com&quot;, &quot;eventtype&quot;: &quot;authentication_v2&quot;}
{&quot;ctime&quot;: &quot;Thu Jan  1 05:30:03 1970&quot;, &quot;data&quot;: 3, &quot;isotimestamp&quot;: &quot;1970-01-01T00:00:03.654321+00:00&quot;, &quot;timestamp&quot;: 3, &quot;host&quot;: &quot;api-xxxxxx.test.duosecurity.com&quot;, &quot;eventtype&quot;: &quot;authentication_v2&quot;}
{&quot;ctime&quot;: &quot;Thu Jan  1 05:30:04 1970&quot;, &quot;data&quot;: 4, &quot;isotimestamp&quot;: &quot;1970-01-01T00:00:04.654321+00:00&quot;, &quot;timestamp&quot;: 4, &quot;host&quot;: &quot;api-xxxxxx.test.duosecurity.com&quot;, &quot;eventtype&quot;: &quot;authentication_v2&quot;}
{&quot;ctime&quot;: &quot;Thu Jan  1 05:30:05 1970&quot;, &quot;data&quot;: 5, &quot;isotimestamp&quot;: &quot;1970-01-01T00:00:05.654321+00:00&quot;, &quot;timestamp&quot;: 5, &quot;host&quot;: &quot;api-xxxxxx.test.duosecurity.com&quot;, &quot;eventtype&quot;: &quot;authentication_v2&quot;}
{&quot;ctime&quot;: &quot;Thu Jan  1 05:30:06 1970&quot;, &quot;data&quot;: 6, &quot;isotimestamp&quot;: &quot;1970-01-01T00:00:06.654321+00:00&quot;, &quot;timestamp&quot;: 6, &quot;host&quot;: &quot;api-xxxxxx.test.duosecurity.com&quot;, &quot;eventtype&quot;: &quot;authentication_v2&quot;}
{&quot;ctime&quot;: &quot;Thu Jan  1 05:30:07 1970&quot;, &quot;data&quot;: 7, &quot;isotimestamp&quot;: &quot;1970-01-01T00:00:07.654321+00:00&quot;, &quot;timestamp&quot;: 7, &quot;host&quot;: &quot;api-xxxxxx.test.duosecurity.com&quot;, &quot;eventtype&quot;: &quot;authentication_v2&quot;}
{&quot;ctime&quot;: &quot;Thu Jan  1 05:30:08 1970&quot;, &quot;data&quot;: 8, &quot;isotimestamp&quot;: &quot;1970-01-01T00:00:08.654321+00:00&quot;, &quot;timestamp&quot;: 8, &quot;host&quot;: &quot;api-xxxxxx.test.duosecurity.com&quot;, &quot;eventtype&quot;: &quot;authentication_v2&quot;}
{&quot;ctime&quot;: &quot;Thu Jan  1 05:30:09 1970&quot;, &quot;data&quot;: 9, &quot;isotimestamp&quot;: &quot;1970-01-01T00:00:09.654321+00:00&quot;, &quot;timestamp&quot;: 9, &quot;host&quot;: &quot;api-xxxxxx.test.duosecurity.com&quot;, &quot;eventtype&quot;: &quot;authentication_v2&quot;}
{&quot;ctime&quot;: &quot;Thu Jan  1 05:30:00 1970&quot;, &quot;data&quot;: 0, &quot;isotimestamp&quot;: &quot;1970-01-01T00:00:00.654321+00:00&quot;, &quot;timestamp&quot;: 0, &quot;host&quot;: &quot;api-xxxxxx.test.duosecurity.com&quot;, &quot;eventtype&quot;: &quot;authentication_v2&quot;}
{&quot;ctime&quot;: &quot;Thu Jan  1 05:30:01 1970&quot;, &quot;data&quot;: 1, &quot;isotimestamp&quot;: &quot;1970-01-01T00:00:01.654321+00:00&quot;, &quot;timestamp&quot;: 1, &quot;host&quot;: &quot;api-xxxxxx.test.duosecurity.com&quot;, &quot;eventtype&quot;: &quot;authentication_v2&quot;}
{&quot;ctime&quot;: &quot;Thu Jan  1 05:30:02 1970&quot;, &quot;data&quot;: 2, &quot;isotimestamp&quot;: &quot;1970-01-01T00:00:02.654321+00:00&quot;, &quot;timestamp&quot;: 2, &quot;host&quot;: &quot;api-xxxxxx.test.duosecurity.com&quot;, &quot;eventtype&quot;: &quot;authentication_v2&quot;}
{&quot;ctime&quot;: &quot;Thu Jan  1 05:30:03 1970&quot;, &quot;data&quot;: 3, &quot;isotimestamp&quot;: &quot;1970-01-01T00:00:03.654321+00:00&quot;, &quot;timestamp&quot;: 3, &quot;host&quot;: &quot;api-xxxxxx.test.duosecurity.com&quot;, &quot;eventtype&quot;: &quot;authentication_v2&quot;}
{&quot;ctime&quot;: &quot;Thu Jan  1 05:30:04 1970&quot;, &quot;data&quot;: 4, &quot;isotimestamp&quot;: &quot;1970-01-01T00:00:04.654321+00:00&quot;, &quot;timestamp&quot;: 4, &quot;host&quot;: &quot;api-xxxxxx.test.duosecurity.com&quot;, &quot;eventtype&quot;: &quot;authentication_v2&quot;}
{&quot;ctime&quot;: &quot;Thu Jan  1 05:30:05 1970&quot;, &quot;data&quot;: 5, &quot;isotimestamp&quot;: &quot;1970-01-01T00:00:05.654321+00:00&quot;, &quot;timestamp&quot;: 5, &quot;host&quot;: &quot;api-xxxxxx.test.duosecurity.com&quot;, &quot;eventtype&quot;: &quot;authentication_v2&quot;}
{&quot;ctime&quot;: &quot;Thu Jan  1 05:30:06 1970&quot;, &quot;data&quot;: 6, &quot;isotimestamp&quot;: &quot;1970-01-01T00:00:06.654321+00:00&quot;, &quot;timestamp&quot;: 6, &quot;host&quot;: &quot;api-xxxxxx.test.duosecurity.com&quot;, &quot;eventtype&quot;: &quot;authentication_v2&quot;}
{&quot;ctime&quot;: &quot;Thu Jan  1 05:30:07 1970&quot;, &quot;data&quot;: 7, &quot;isotimestamp&quot;: &quot;1970-01-01T00:00:07.654321+00:00&quot;, &quot;timestamp&quot;: 7, &quot;host&quot;: &quot;api-xxxxxx.test.duosecurity.com&quot;, &quot;eventtype&quot;: &quot;authentication_v2&quot;}
{&quot;ctime&quot;: &quot;Thu Jan  1 05:30:08 1970&quot;, &quot;data&quot;: 8, &quot;isotimestamp&quot;: &quot;1970-01-01T00:00:08.654321+00:00&quot;, &quot;timestamp&quot;: 8, &quot;host&quot;: &quot;api-xxxxxx.test.duosecurity.com&quot;, &quot;eventtype&quot;: &quot;authentication_v2&quot;}
{&quot;ctime&quot;: &quot;Thu Jan  1 05:30:09 1970&quot;, &quot;data&quot;: 9, &quot;isotimestamp&quot;: &quot;1970-01-01T00:00:09.654321+00:00&quot;, &quot;timestamp&quot;: 9, &quot;host&quot;: &quot;api-xxxxxx.test.duosecurity.com&quot;, &quot;eventtype&quot;: &quot;authentication_v2&quot;}
{&quot;ctime&quot;: &quot;Thu Jan  1 05:30:00 1970&quot;, &quot;data&quot;: 0, &quot;isotimestamp&quot;: &quot;1970-01-01T00:00:00.654321+00:00&quot;, &quot;timestamp&quot;: 0, &quot;host&quot;: &quot;api-xxxxxx.test.duosecurity.com&quot;, &quot;eventtype&quot;: &quot;authentication_v2&quot;}
{&quot;ctime&quot;: &quot;Thu Jan  1 05:30:01 1970&quot;, &quot;data&quot;: 1, &quot;isotimestamp&quot;: &quot;1970-01-01T00:00:01.654321+00:00&quot;, &quot;timestamp&quot;: 1, &quot;host&quot;: &quot;api-xxxxxx.test.duosecurity.com&quot;, &quot;eventtype&quot;: &quot;authentication_v2&quot;}
{&quot;ctime&quot;: &quot;Thu Jan  1 05:30:02 1970&quot;, &quot;data&quot;: 2, &quot;isotimestamp&quot;: &quot;1970-01-01T00:00:02.654321+00:00&quot;, &quot;timestamp&quot;: 2, &quot;host&quot;: &quot;api-xxxxxx.test.duosecurity.com&quot;, &quot;eventtype&quot;: &quot;authentication_v2&quot;}
{&quot;ctime&quot;: &quot;Thu Jan  1 05:30:03 1970&quot;, &quot;data&quot;: 3, &quot;isotimestamp&quot;: &quot;1970-01-01T00:00:03.654321+00:00&quot;, &quot;timestamp&quot;: 3, &quot;host&quot;: &quot;api-xxxxxx.test.duosecurity.com&quot;, &quot;eventtype&quot;: &quot;authentication_v2&quot;}
{&quot;ctime&quot;: &quot;Thu Jan  1 05:30:04 1970&quot;, &quot;data&quot;: 4, &quot;isotimestamp&quot;: &quot;1970-01-01T00:00:04.654321+00:00&quot;, &quot;timestamp&quot;: 4, &quot;host&quot;: &quot;api-xxxxxx.test.duosecurity.com&quot;, &quot;eventtype&quot;: &quot;authentication_v2&quot;}
{&quot;ctime&quot;: &quot;Thu Jan  1 05:30:05 1970&quot;, &quot;data&quot;: 5, &quot;isotimestamp&quot;: &quot;1970-01-01T00:00:05.654321+00:00&quot;, &quot;timestamp&quot;: 5, &quot;host&quot;: &quot;api-xxxxxx.test.duosecurity.com&quot;, &quot;eventtype&quot;: &quot;authentication_v2&quot;}
{&quot;ctime&quot;: &quot;Thu Jan  1 05:30:06 1970&quot;, &quot;data&quot;: 6, &quot;isotimestamp&quot;: &quot;1970-01-01T00:00:06.654321+00:00&quot;, &quot;timestamp&quot;: 6, &quot;host&quot;: &quot;api-xxxxxx.test.duosecurity.com&quot;, &quot;eventtype&quot;: &quot;authentication_v2&quot;}
{&quot;ctime&quot;: &quot;Thu Jan  1 05:30:07 1970&quot;, &quot;data&quot;: 7, &quot;isotimestamp&quot;: &quot;1970-01-01T00:00:07.654321+00:00&quot;, &quot;timestamp&quot;: 7, &quot;host&quot;: &quot;api-xxxxxx.test.duosecurity.com&quot;, &quot;eventtype&quot;: &quot;authentication_v2&quot;}
{&quot;ctime&quot;: &quot;Thu Jan  1 05:30:08 1970&quot;, &quot;data&quot;: 8, &quot;isotimestamp&quot;: &quot;1970-01-01T00:00:08.654321+00:00&quot;, &quot;timestamp&quot;: 8, &quot;host&quot;: &quot;api-xxxxxx.test.duosecurity.com&quot;, &quot;eventtype&quot;: &quot;authentication_v2&quot;}
{&quot;ctime&quot;: &quot;Thu Jan  1 05:30:09 1970&quot;, &quot;data&quot;: 9, &quot;isotimestamp&quot;: &quot;1970-01-01T00:00:09.654321+00:00&quot;, &quot;timestamp&quot;: 9, &quot;host&quot;: &quot;api-xxxxxx.test.duosecurity.com&quot;, &quot;eventtype&quot;: &quot;authentication_v2&quot;}
{&quot;ctime&quot;: &quot;Thu Jan  1 05:30:00 1970&quot;, &quot;data&quot;: 0, &quot;isotimestamp&quot;: &quot;1970-01-01T00:00:00.654321+00:00&quot;, &quot;timestamp&quot;: 0, &quot;host&quot;: &quot;api-xxxxxx.test.duosecurity.com&quot;, &quot;eventtype&quot;: &quot;authentication_v2&quot;}
{&quot;ctime&quot;: &quot;Thu Jan  1 05:30:01 1970&quot;, &quot;data&quot;: 1, &quot;isotimestamp&quot;: &quot;1970-01-01T00:00:01.654321+00:00&quot;, &quot;timestamp&quot;: 1, &quot;host&quot;: &quot;api-xxxxxx.test.duosecurity.com&quot;, &quot;eventtype&quot;: &quot;authentication_v2&quot;}
{&quot;ctime&quot;: &quot;Thu Jan  1 05:30:02 1970&quot;, &quot;data&quot;: 2, &quot;isotimestamp&quot;: &quot;1970-01-01T00:00:02.654321+00:00&quot;, &quot;timestamp&quot;: 2, &quot;host&quot;: &quot;api-xxxxxx.test.duosecurity.com&quot;, &quot;eventtype&quot;: &quot;authentication_v2&quot;}
{&quot;ctime&quot;: &quot;Thu Jan  1 05:30:03 1970&quot;, &quot;data&quot;: 3, &quot;isotimestamp&quot;: &quot;1970-01-01T00:00:03.654321+00:00&quot;, &quot;timestamp&quot;: 3, &quot;host&quot;: &quot;api-xxxxxx.test.duosecurity.com&quot;, &quot;eventtype&quot;: &quot;authentication_v2&quot;}
{&quot;ctime&quot;: &quot;Thu Jan  1 05:30:04 1970&quot;, &quot;data&quot;: 4, &quot;isotimestamp&quot;: &quot;1970-01-01T00:00:04.654321+00:00&quot;, &quot;timestamp&quot;: 4, &quot;host&quot;: &quot;api-xxxxxx.test.duosecurity.com&quot;, &quot;eventtype&quot;: &quot;authentication_v2&quot;}
{&quot;ctime&quot;: &quot;Thu Jan  1 05:30:05 1970&quot;, &quot;data&quot;: 5, &quot;isotimestamp&quot;: &quot;1970-01-01T00:00:05.654321+00:00&quot;, &quot;timestamp&quot;: 5, &quot;host&quot;: &quot;api-xxxxxx.test.duosecurity.com&quot;, &quot;eventtype&quot;: &quot;authentication_v2&quot;}
{&quot;ctime&quot;: &quot;Thu Jan  1 05:30:06 1970&quot;, &quot;data&quot;: 6, &quot;isotimestamp&quot;: &quot;1970-01-01T00:00:06.654321+00:00&quot;, &quot;timestamp&quot;: 6, &quot;host&quot;: &quot;api-xxxxxx.test.duosecurity.com&quot;, &quot;eventtype&quot;: &quot;authentication_v2&quot;}
{&quot;ctime&quot;: &quot;Thu Jan  1 05:30:07 1970&quot;, &quot;data&quot;: 7, &quot;isotimestamp&quot;: &quot;1970-01-01T00:00:07.654321+00:00&quot;, &quot;timestamp&quot;: 7, &quot;host&quot;: &quot;api-xxxxxx.test.duosecurity.com&quot;, &quot;eventtype&quot;: &quot;authentication_v2&quot;}
{&quot;ctime&quot;: &quot;Thu Jan  1 05:30:08 1970&quot;, &quot;data&quot;: 8, &quot;isotimestamp&quot;: &quot;1970-01-01T00:00:08.654321+00:00&quot;, &quot;timestamp&quot;: 8, &quot;host&quot;: &quot;api-xxxxxx.test.duosecurity.com&quot;, &quot;eventtype&quot;: &quot;authentication_v2&quot;}
{&quot;ctime&quot;: &quot;Thu Jan  1 05:30:09 1970&quot;, &quot;data&quot;: 9, &quot;isotimestamp&quot;: &quot;1970-01-01T00:00:09.654321+00:00&quot;, &quot;timestamp&quot;: 9, &quot;host&quot;: &quot;api-xxxxxx.test.duosecurity.com&quot;, &quot;eventtype&quot;: &quot;authentication_v2&quot;}
</system-out></testcase><testcase classname="bin.test.test_paginated_authentication_v2_log.PaginatedAuthLogV2TestCase" file="bin/test/test_paginated_authentication_v2_log.py" line="69" name="test_run_output" time="0.003"></testcase><testcase classname="bin.test.test_paginated_endpoint_log.PaginatedEndpointLogTestCase" file="bin/test/test_paginated_endpoint_log.py" line="257" name="test_get_last_timestamp_from_file_with_file_not_found_error" time="0.002"></testcase><testcase classname="bin.test.test_paginated_endpoint_log.PaginatedEndpointLogTestCase" file="bin/test/test_paginated_endpoint_log.py" line="209" name="test_get_last_timestamp_from_file_with_legacy_ts" time="0.003"></testcase><testcase classname="bin.test.test_paginated_endpoint_log.PaginatedEndpointLogTestCase" file="bin/test/test_paginated_endpoint_log.py" line="297" name="test_get_last_timestamp_from_file_with_malformed_ts_error" time="0.002"></testcase><testcase classname="bin.test.test_paginated_endpoint_log.PaginatedEndpointLogTestCase" file="bin/test/test_paginated_endpoint_log.py" line="233" name="test_get_last_timestamp_from_file_with_nonlegacy_ts" time="0.002"></testcase><testcase classname="bin.test.test_paginated_endpoint_log.PaginatedEndpointLogTestCase" file="bin/test/test_paginated_endpoint_log.py" line="278" name="test_get_last_timestamp_from_file_with_permissions_error" time="0.002"></testcase><testcase classname="bin.test.test_paginated_endpoint_log.PaginatedEndpointLogTestCase" file="bin/test/test_paginated_endpoint_log.py" line="84" name="test_last_run_one_day_or_more_ago_false" time="0.001"></testcase><testcase classname="bin.test.test_paginated_endpoint_log.PaginatedEndpointLogTestCase" file="bin/test/test_paginated_endpoint_log.py" line="72" name="test_last_run_one_day_or_more_ago_true" time="0.001"></testcase><testcase classname="bin.test.test_paginated_endpoint_log.PaginatedEndpointLogTestCase" file="bin/test/test_paginated_endpoint_log.py" line="165" name="test_run_update_last_timestamp_less_than" time="0.003"><system-out>{&quot;ctime&quot;: &quot;Sun Sep  9 07:16:45 2001&quot;, &quot;last_updated&quot;: 1000000005, &quot;timestamp&quot;: 1000000005, &quot;host&quot;: &quot;api-xxxxxx.test.duosecurity.com&quot;, &quot;eventtype&quot;: &quot;endpoint&quot;}
{&quot;ctime&quot;: &quot;Sun Sep  9 07:16:45 2001&quot;, &quot;last_updated&quot;: 1000000006, &quot;timestamp&quot;: 1000000005, &quot;host&quot;: &quot;api-xxxxxx.test.duosecurity.com&quot;, &quot;eventtype&quot;: &quot;endpoint&quot;}
{&quot;ctime&quot;: &quot;Sun Sep  9 07:16:45 2001&quot;, &quot;last_updated&quot;: 1000000007, &quot;timestamp&quot;: 1000000005, &quot;host&quot;: &quot;api-xxxxxx.test.duosecurity.com&quot;, &quot;eventtype&quot;: &quot;endpoint&quot;}
{&quot;ctime&quot;: &quot;Sun Sep  9 07:16:45 2001&quot;, &quot;last_updated&quot;: 1000000008, &quot;timestamp&quot;: 1000000005, &quot;host&quot;: &quot;api-xxxxxx.test.duosecurity.com&quot;, &quot;eventtype&quot;: &quot;endpoint&quot;}
{&quot;ctime&quot;: &quot;Sun Sep  9 07:16:45 2001&quot;, &quot;last_updated&quot;: 1000000009, &quot;timestamp&quot;: 1000000005, &quot;host&quot;: &quot;api-xxxxxx.test.duosecurity.com&quot;, &quot;eventtype&quot;: &quot;endpoint&quot;}
{&quot;ctime&quot;: &quot;Sun Sep  9 07:16:45 2001&quot;, &quot;last_updated&quot;: 1000000010, &quot;timestamp&quot;: 1000000005, &quot;host&quot;: &quot;api-xxxxxx.test.duosecurity.com&quot;, &quot;eventtype&quot;: &quot;endpoint&quot;}
{&quot;ctime&quot;: &quot;Sun Sep  9 07:16:45 2001&quot;, &quot;last_updated&quot;: 1000000011, &quot;timestamp&quot;: 1000000005, &quot;host&quot;: &quot;api-xxxxxx.test.duosecurity.com&quot;, &quot;eventtype&quot;: &quot;endpoint&quot;}
{&quot;ctime&quot;: &quot;Sun Sep  9 07:16:45 2001&quot;, &quot;last_updated&quot;: 1000000012, &quot;timestamp&quot;: 1000000005, &quot;host&quot;: &quot;api-xxxxxx.test.duosecurity.com&quot;, &quot;eventtype&quot;: &quot;endpoint&quot;}
{&quot;ctime&quot;: &quot;Sun Sep  9 07:16:45 2001&quot;, &quot;last_updated&quot;: 1000000013, &quot;timestamp&quot;: 1000000005, &quot;host&quot;: &quot;api-xxxxxx.test.duosecurity.com&quot;, &quot;eventtype&quot;: &quot;endpoint&quot;}
{&quot;ctime&quot;: &quot;Sun Sep  9 07:16:45 2001&quot;, &quot;last_updated&quot;: 1000000014, &quot;timestamp&quot;: 1000000005, &quot;host&quot;: &quot;api-xxxxxx.test.duosecurity.com&quot;, &quot;eventtype&quot;: &quot;endpoint&quot;}
{&quot;ctime&quot;: &quot;Sun Sep  9 07:16:45 2001&quot;, &quot;last_updated&quot;: 1000000005, &quot;timestamp&quot;: 1000000005, &quot;host&quot;: &quot;api-xxxxxx.test.duosecurity.com&quot;, &quot;eventtype&quot;: &quot;endpoint&quot;}
{&quot;ctime&quot;: &quot;Sun Sep  9 07:16:45 2001&quot;, &quot;last_updated&quot;: 1000000006, &quot;timestamp&quot;: 1000000005, &quot;host&quot;: &quot;api-xxxxxx.test.duosecurity.com&quot;, &quot;eventtype&quot;: &quot;endpoint&quot;}
{&quot;ctime&quot;: &quot;Sun Sep  9 07:16:45 2001&quot;, &quot;last_updated&quot;: 1000000007, &quot;timestamp&quot;: 1000000005, &quot;host&quot;: &quot;api-xxxxxx.test.duosecurity.com&quot;, &quot;eventtype&quot;: &quot;endpoint&quot;}
{&quot;ctime&quot;: &quot;Sun Sep  9 07:16:45 2001&quot;, &quot;last_updated&quot;: 1000000008, &quot;timestamp&quot;: 1000000005, &quot;host&quot;: &quot;api-xxxxxx.test.duosecurity.com&quot;, &quot;eventtype&quot;: &quot;endpoint&quot;}
{&quot;ctime&quot;: &quot;Sun Sep  9 07:16:45 2001&quot;, &quot;last_updated&quot;: 1000000009, &quot;timestamp&quot;: 1000000005, &quot;host&quot;: &quot;api-xxxxxx.test.duosecurity.com&quot;, &quot;eventtype&quot;: &quot;endpoint&quot;}
{&quot;ctime&quot;: &quot;Sun Sep  9 07:16:45 2001&quot;, &quot;last_updated&quot;: 1000000010, &quot;timestamp&quot;: 1000000005, &quot;host&quot;: &quot;api-xxxxxx.test.duosecurity.com&quot;, &quot;eventtype&quot;: &quot;endpoint&quot;}
{&quot;ctime&quot;: &quot;Sun Sep  9 07:16:45 2001&quot;, &quot;last_updated&quot;: 1000000011, &quot;timestamp&quot;: 1000000005, &quot;host&quot;: &quot;api-xxxxxx.test.duosecurity.com&quot;, &quot;eventtype&quot;: &quot;endpoint&quot;}
{&quot;ctime&quot;: &quot;Sun Sep  9 07:16:45 2001&quot;, &quot;last_updated&quot;: 1000000012, &quot;timestamp&quot;: 1000000005, &quot;host&quot;: &quot;api-xxxxxx.test.duosecurity.com&quot;, &quot;eventtype&quot;: &quot;endpoint&quot;}
{&quot;ctime&quot;: &quot;Sun Sep  9 07:16:45 2001&quot;, &quot;last_updated&quot;: 1000000013, &quot;timestamp&quot;: 1000000005, &quot;host&quot;: &quot;api-xxxxxx.test.duosecurity.com&quot;, &quot;eventtype&quot;: &quot;endpoint&quot;}
{&quot;ctime&quot;: &quot;Sun Sep  9 07:16:45 2001&quot;, &quot;last_updated&quot;: 1000000014, &quot;timestamp&quot;: 1000000005, &quot;host&quot;: &quot;api-xxxxxx.test.duosecurity.com&quot;, &quot;eventtype&quot;: &quot;endpoint&quot;}
{&quot;ctime&quot;: &quot;Sun Sep  9 07:16:45 2001&quot;, &quot;last_updated&quot;: 1000000005, &quot;timestamp&quot;: 1000000005, &quot;host&quot;: &quot;api-xxxxxx.test.duosecurity.com&quot;, &quot;eventtype&quot;: &quot;endpoint&quot;}
{&quot;ctime&quot;: &quot;Sun Sep  9 07:16:45 2001&quot;, &quot;last_updated&quot;: 1000000006, &quot;timestamp&quot;: 1000000005, &quot;host&quot;: &quot;api-xxxxxx.test.duosecurity.com&quot;, &quot;eventtype&quot;: &quot;endpoint&quot;}
{&quot;ctime&quot;: &quot;Sun Sep  9 07:16:45 2001&quot;, &quot;last_updated&quot;: 1000000007, &quot;timestamp&quot;: 1000000005, &quot;host&quot;: &quot;api-xxxxxx.test.duosecurity.com&quot;, &quot;eventtype&quot;: &quot;endpoint&quot;}
{&quot;ctime&quot;: &quot;Sun Sep  9 07:16:45 2001&quot;, &quot;last_updated&quot;: 1000000008, &quot;timestamp&quot;: 1000000005, &quot;host&quot;: &quot;api-xxxxxx.test.duosecurity.com&quot;, &quot;eventtype&quot;: &quot;endpoint&quot;}
{&quot;ctime&quot;: &quot;Sun Sep  9 07:16:45 2001&quot;, &quot;last_updated&quot;: 1000000009, &quot;timestamp&quot;: 1000000005, &quot;host&quot;: &quot;api-xxxxxx.test.duosecurity.com&quot;, &quot;eventtype&quot;: &quot;endpoint&quot;}
{&quot;ctime&quot;: &quot;Sun Sep  9 07:16:45 2001&quot;, &quot;last_updated&quot;: 1000000010, &quot;timestamp&quot;: 1000000005, &quot;host&quot;: &quot;api-xxxxxx.test.duosecurity.com&quot;, &quot;eventtype&quot;: &quot;endpoint&quot;}
{&quot;ctime&quot;: &quot;Sun Sep  9 07:16:45 2001&quot;, &quot;last_updated&quot;: 1000000011, &quot;timestamp&quot;: 1000000005, &quot;host&quot;: &quot;api-xxxxxx.test.duosecurity.com&quot;, &quot;eventtype&quot;: &quot;endpoint&quot;}
{&quot;ctime&quot;: &quot;Sun Sep  9 07:16:45 2001&quot;, &quot;last_updated&quot;: 1000000012, &quot;timestamp&quot;: 1000000005, &quot;host&quot;: &quot;api-xxxxxx.test.duosecurity.com&quot;, &quot;eventtype&quot;: &quot;endpoint&quot;}
{&quot;ctime&quot;: &quot;Sun Sep  9 07:16:45 2001&quot;, &quot;last_updated&quot;: 1000000013, &quot;timestamp&quot;: 1000000005, &quot;host&quot;: &quot;api-xxxxxx.test.duosecurity.com&quot;, &quot;eventtype&quot;: &quot;endpoint&quot;}
{&quot;ctime&quot;: &quot;Sun Sep  9 07:16:45 2001&quot;, &quot;last_updated&quot;: 1000000014, &quot;timestamp&quot;: 1000000005, &quot;host&quot;: &quot;api-xxxxxx.test.duosecurity.com&quot;, &quot;eventtype&quot;: &quot;endpoint&quot;}
{&quot;ctime&quot;: &quot;Sun Sep  9 07:16:45 2001&quot;, &quot;last_updated&quot;: 1000000005, &quot;timestamp&quot;: 1000000005, &quot;host&quot;: &quot;api-xxxxxx.test.duosecurity.com&quot;, &quot;eventtype&quot;: &quot;endpoint&quot;}
{&quot;ctime&quot;: &quot;Sun Sep  9 07:16:45 2001&quot;, &quot;last_updated&quot;: 1000000006, &quot;timestamp&quot;: 1000000005, &quot;host&quot;: &quot;api-xxxxxx.test.duosecurity.com&quot;, &quot;eventtype&quot;: &quot;endpoint&quot;}
{&quot;ctime&quot;: &quot;Sun Sep  9 07:16:45 2001&quot;, &quot;last_updated&quot;: 1000000007, &quot;timestamp&quot;: 1000000005, &quot;host&quot;: &quot;api-xxxxxx.test.duosecurity.com&quot;, &quot;eventtype&quot;: &quot;endpoint&quot;}
{&quot;ctime&quot;: &quot;Sun Sep  9 07:16:45 2001&quot;, &quot;last_updated&quot;: 1000000008, &quot;timestamp&quot;: 1000000005, &quot;host&quot;: &quot;api-xxxxxx.test.duosecurity.com&quot;, &quot;eventtype&quot;: &quot;endpoint&quot;}
{&quot;ctime&quot;: &quot;Sun Sep  9 07:16:45 2001&quot;, &quot;last_updated&quot;: 1000000009, &quot;timestamp&quot;: 1000000005, &quot;host&quot;: &quot;api-xxxxxx.test.duosecurity.com&quot;, &quot;eventtype&quot;: &quot;endpoint&quot;}
{&quot;ctime&quot;: &quot;Sun Sep  9 07:16:45 2001&quot;, &quot;last_updated&quot;: 1000000010, &quot;timestamp&quot;: 1000000005, &quot;host&quot;: &quot;api-xxxxxx.test.duosecurity.com&quot;, &quot;eventtype&quot;: &quot;endpoint&quot;}
{&quot;ctime&quot;: &quot;Sun Sep  9 07:16:45 2001&quot;, &quot;last_updated&quot;: 1000000011, &quot;timestamp&quot;: 1000000005, &quot;host&quot;: &quot;api-xxxxxx.test.duosecurity.com&quot;, &quot;eventtype&quot;: &quot;endpoint&quot;}
{&quot;ctime&quot;: &quot;Sun Sep  9 07:16:45 2001&quot;, &quot;last_updated&quot;: 1000000012, &quot;timestamp&quot;: 1000000005, &quot;host&quot;: &quot;api-xxxxxx.test.duosecurity.com&quot;, &quot;eventtype&quot;: &quot;endpoint&quot;}
{&quot;ctime&quot;: &quot;Sun Sep  9 07:16:45 2001&quot;, &quot;last_updated&quot;: 1000000013, &quot;timestamp&quot;: 1000000005, &quot;host&quot;: &quot;api-xxxxxx.test.duosecurity.com&quot;, &quot;eventtype&quot;: &quot;endpoint&quot;}
{&quot;ctime&quot;: &quot;Sun Sep  9 07:16:45 2001&quot;, &quot;last_updated&quot;: 1000000014, &quot;timestamp&quot;: 1000000005, &quot;host&quot;: &quot;api-xxxxxx.test.duosecurity.com&quot;, &quot;eventtype&quot;: &quot;endpoint&quot;}
{&quot;ctime&quot;: &quot;Sun Sep  9 07:16:45 2001&quot;, &quot;last_updated&quot;: 1000000005, &quot;timestamp&quot;: 1000000005, &quot;host&quot;: &quot;api-xxxxxx.test.duosecurity.com&quot;, &quot;eventtype&quot;: &quot;endpoint&quot;}
{&quot;ctime&quot;: &quot;Sun Sep  9 07:16:45 2001&quot;, &quot;last_updated&quot;: 1000000006, &quot;timestamp&quot;: 1000000005, &quot;host&quot;: &quot;api-xxxxxx.test.duosecurity.com&quot;, &quot;eventtype&quot;: &quot;endpoint&quot;}
{&quot;ctime&quot;: &quot;Sun Sep  9 07:16:45 2001&quot;, &quot;last_updated&quot;: 1000000007, &quot;timestamp&quot;: 1000000005, &quot;host&quot;: &quot;api-xxxxxx.test.duosecurity.com&quot;, &quot;eventtype&quot;: &quot;endpoint&quot;}
{&quot;ctime&quot;: &quot;Sun Sep  9 07:16:45 2001&quot;, &quot;last_updated&quot;: 1000000008, &quot;timestamp&quot;: 1000000005, &quot;host&quot;: &quot;api-xxxxxx.test.duosecurity.com&quot;, &quot;eventtype&quot;: &quot;endpoint&quot;}
{&quot;ctime&quot;: &quot;Sun Sep  9 07:16:45 2001&quot;, &quot;last_updated&quot;: 1000000009, &quot;timestamp&quot;: 1000000005, &quot;host&quot;: &quot;api-xxxxxx.test.duosecurity.com&quot;, &quot;eventtype&quot;: &quot;endpoint&quot;}
{&quot;ctime&quot;: &quot;Sun Sep  9 07:16:45 2001&quot;, &quot;last_updated&quot;: 1000000010, &quot;timestamp&quot;: 1000000005, &quot;host&quot;: &quot;api-xxxxxx.test.duosecurity.com&quot;, &quot;eventtype&quot;: &quot;endpoint&quot;}
{&quot;ctime&quot;: &quot;Sun Sep  9 07:16:45 2001&quot;, &quot;last_updated&quot;: 1000000011, &quot;timestamp&quot;: 1000000005, &quot;host&quot;: &quot;api-xxxxxx.test.duosecurity.com&quot;, &quot;eventtype&quot;: &quot;endpoint&quot;}
{&quot;ctime&quot;: &quot;Sun Sep  9 07:16:45 2001&quot;, &quot;last_updated&quot;: 1000000012, &quot;timestamp&quot;: 1000000005, &quot;host&quot;: &quot;api-xxxxxx.test.duosecurity.com&quot;, &quot;eventtype&quot;: &quot;endpoint&quot;}
{&quot;ctime&quot;: &quot;Sun Sep  9 07:16:45 2001&quot;, &quot;last_updated&quot;: 1000000013, &quot;timestamp&quot;: 1000000005, &quot;host&quot;: &quot;api-xxxxxx.test.duosecurity.com&quot;, &quot;eventtype&quot;: &quot;endpoint&quot;}
{&quot;ctime&quot;: &quot;Sun Sep  9 07:16:45 2001&quot;, &quot;last_updated&quot;: 1000000014, &quot;timestamp&quot;: 1000000005, &quot;host&quot;: &quot;api-xxxxxx.test.duosecurity.com&quot;, &quot;eventtype&quot;: &quot;endpoint&quot;}
{&quot;ctime&quot;: &quot;Sun Sep  9 07:16:45 2001&quot;, &quot;last_updated&quot;: 1000000005, &quot;timestamp&quot;: 1000000005, &quot;host&quot;: &quot;api-xxxxxx.test.duosecurity.com&quot;, &quot;eventtype&quot;: &quot;endpoint&quot;}
{&quot;ctime&quot;: &quot;Sun Sep  9 07:16:45 2001&quot;, &quot;last_updated&quot;: 1000000006, &quot;timestamp&quot;: 1000000005, &quot;host&quot;: &quot;api-xxxxxx.test.duosecurity.com&quot;, &quot;eventtype&quot;: &quot;endpoint&quot;}
{&quot;ctime&quot;: &quot;Sun Sep  9 07:16:45 2001&quot;, &quot;last_updated&quot;: 1000000007, &quot;timestamp&quot;: 1000000005, &quot;host&quot;: &quot;api-xxxxxx.test.duosecurity.com&quot;, &quot;eventtype&quot;: &quot;endpoint&quot;}
{&quot;ctime&quot;: &quot;Sun Sep  9 07:16:45 2001&quot;, &quot;last_updated&quot;: 1000000008, &quot;timestamp&quot;: 1000000005, &quot;host&quot;: &quot;api-xxxxxx.test.duosecurity.com&quot;, &quot;eventtype&quot;: &quot;endpoint&quot;}
{&quot;ctime&quot;: &quot;Sun Sep  9 07:16:45 2001&quot;, &quot;last_updated&quot;: 1000000009, &quot;timestamp&quot;: 1000000005, &quot;host&quot;: &quot;api-xxxxxx.test.duosecurity.com&quot;, &quot;eventtype&quot;: &quot;endpoint&quot;}
{&quot;ctime&quot;: &quot;Sun Sep  9 07:16:45 2001&quot;, &quot;last_updated&quot;: 1000000010, &quot;timestamp&quot;: 1000000005, &quot;host&quot;: &quot;api-xxxxxx.test.duosecurity.com&quot;, &quot;eventtype&quot;: &quot;endpoint&quot;}
{&quot;ctime&quot;: &quot;Sun Sep  9 07:16:45 2001&quot;, &quot;last_updated&quot;: 1000000011, &quot;timestamp&quot;: 1000000005, &quot;host&quot;: &quot;api-xxxxxx.test.duosecurity.com&quot;, &quot;eventtype&quot;: &quot;endpoint&quot;}
{&quot;ctime&quot;: &quot;Sun Sep  9 07:16:45 2001&quot;, &quot;last_updated&quot;: 1000000012, &quot;timestamp&quot;: 1000000005, &quot;host&quot;: &quot;api-xxxxxx.test.duosecurity.com&quot;, &quot;eventtype&quot;: &quot;endpoint&quot;}
{&quot;ctime&quot;: &quot;Sun Sep  9 07:16:45 2001&quot;, &quot;last_updated&quot;: 1000000013, &quot;timestamp&quot;: 1000000005, &quot;host&quot;: &quot;api-xxxxxx.test.duosecurity.com&quot;, &quot;eventtype&quot;: &quot;endpoint&quot;}
{&quot;ctime&quot;: &quot;Sun Sep  9 07:16:45 2001&quot;, &quot;last_updated&quot;: 1000000014, &quot;timestamp&quot;: 1000000005, &quot;host&quot;: &quot;api-xxxxxx.test.duosecurity.com&quot;, &quot;eventtype&quot;: &quot;endpoint&quot;}
{&quot;ctime&quot;: &quot;Sun Sep  9 07:16:45 2001&quot;, &quot;last_updated&quot;: 1000000005, &quot;timestamp&quot;: 1000000005, &quot;host&quot;: &quot;api-xxxxxx.test.duosecurity.com&quot;, &quot;eventtype&quot;: &quot;endpoint&quot;}
{&quot;ctime&quot;: &quot;Sun Sep  9 07:16:45 2001&quot;, &quot;last_updated&quot;: 1000000006, &quot;timestamp&quot;: 1000000005, &quot;host&quot;: &quot;api-xxxxxx.test.duosecurity.com&quot;, &quot;eventtype&quot;: &quot;endpoint&quot;}
{&quot;ctime&quot;: &quot;Sun Sep  9 07:16:45 2001&quot;, &quot;last_updated&quot;: 1000000007, &quot;timestamp&quot;: 1000000005, &quot;host&quot;: &quot;api-xxxxxx.test.duosecurity.com&quot;, &quot;eventtype&quot;: &quot;endpoint&quot;}
{&quot;ctime&quot;: &quot;Sun Sep  9 07:16:45 2001&quot;, &quot;last_updated&quot;: 1000000008, &quot;timestamp&quot;: 1000000005, &quot;host&quot;: &quot;api-xxxxxx.test.duosecurity.com&quot;, &quot;eventtype&quot;: &quot;endpoint&quot;}
{&quot;ctime&quot;: &quot;Sun Sep  9 07:16:45 2001&quot;, &quot;last_updated&quot;: 1000000009, &quot;timestamp&quot;: 1000000005, &quot;host&quot;: &quot;api-xxxxxx.test.duosecurity.com&quot;, &quot;eventtype&quot;: &quot;endpoint&quot;}
{&quot;ctime&quot;: &quot;Sun Sep  9 07:16:45 2001&quot;, &quot;last_updated&quot;: 1000000010, &quot;timestamp&quot;: 1000000005, &quot;host&quot;: &quot;api-xxxxxx.test.duosecurity.com&quot;, &quot;eventtype&quot;: &quot;endpoint&quot;}
{&quot;ctime&quot;: &quot;Sun Sep  9 07:16:45 2001&quot;, &quot;last_updated&quot;: 1000000011, &quot;timestamp&quot;: 1000000005, &quot;host&quot;: &quot;api-xxxxxx.test.duosecurity.com&quot;, &quot;eventtype&quot;: &quot;endpoint&quot;}
{&quot;ctime&quot;: &quot;Sun Sep  9 07:16:45 2001&quot;, &quot;last_updated&quot;: 1000000012, &quot;timestamp&quot;: 1000000005, &quot;host&quot;: &quot;api-xxxxxx.test.duosecurity.com&quot;, &quot;eventtype&quot;: &quot;endpoint&quot;}
{&quot;ctime&quot;: &quot;Sun Sep  9 07:16:45 2001&quot;, &quot;last_updated&quot;: 1000000013, &quot;timestamp&quot;: 1000000005, &quot;host&quot;: &quot;api-xxxxxx.test.duosecurity.com&quot;, &quot;eventtype&quot;: &quot;endpoint&quot;}
{&quot;ctime&quot;: &quot;Sun Sep  9 07:16:45 2001&quot;, &quot;last_updated&quot;: 1000000014, &quot;timestamp&quot;: 1000000005, &quot;host&quot;: &quot;api-xxxxxx.test.duosecurity.com&quot;, &quot;eventtype&quot;: &quot;endpoint&quot;}
{&quot;ctime&quot;: &quot;Sun Sep  9 07:16:45 2001&quot;, &quot;last_updated&quot;: 1000000005, &quot;timestamp&quot;: 1000000005, &quot;host&quot;: &quot;api-xxxxxx.test.duosecurity.com&quot;, &quot;eventtype&quot;: &quot;endpoint&quot;}
{&quot;ctime&quot;: &quot;Sun Sep  9 07:16:45 2001&quot;, &quot;last_updated&quot;: 1000000006, &quot;timestamp&quot;: 1000000005, &quot;host&quot;: &quot;api-xxxxxx.test.duosecurity.com&quot;, &quot;eventtype&quot;: &quot;endpoint&quot;}
{&quot;ctime&quot;: &quot;Sun Sep  9 07:16:45 2001&quot;, &quot;last_updated&quot;: 1000000007, &quot;timestamp&quot;: 1000000005, &quot;host&quot;: &quot;api-xxxxxx.test.duosecurity.com&quot;, &quot;eventtype&quot;: &quot;endpoint&quot;}
{&quot;ctime&quot;: &quot;Sun Sep  9 07:16:45 2001&quot;, &quot;last_updated&quot;: 1000000008, &quot;timestamp&quot;: 1000000005, &quot;host&quot;: &quot;api-xxxxxx.test.duosecurity.com&quot;, &quot;eventtype&quot;: &quot;endpoint&quot;}
{&quot;ctime&quot;: &quot;Sun Sep  9 07:16:45 2001&quot;, &quot;last_updated&quot;: 1000000009, &quot;timestamp&quot;: 1000000005, &quot;host&quot;: &quot;api-xxxxxx.test.duosecurity.com&quot;, &quot;eventtype&quot;: &quot;endpoint&quot;}
{&quot;ctime&quot;: &quot;Sun Sep  9 07:16:45 2001&quot;, &quot;last_updated&quot;: 1000000010, &quot;timestamp&quot;: 1000000005, &quot;host&quot;: &quot;api-xxxxxx.test.duosecurity.com&quot;, &quot;eventtype&quot;: &quot;endpoint&quot;}
{&quot;ctime&quot;: &quot;Sun Sep  9 07:16:45 2001&quot;, &quot;last_updated&quot;: 1000000011, &quot;timestamp&quot;: 1000000005, &quot;host&quot;: &quot;api-xxxxxx.test.duosecurity.com&quot;, &quot;eventtype&quot;: &quot;endpoint&quot;}
{&quot;ctime&quot;: &quot;Sun Sep  9 07:16:45 2001&quot;, &quot;last_updated&quot;: 1000000012, &quot;timestamp&quot;: 1000000005, &quot;host&quot;: &quot;api-xxxxxx.test.duosecurity.com&quot;, &quot;eventtype&quot;: &quot;endpoint&quot;}
{&quot;ctime&quot;: &quot;Sun Sep  9 07:16:45 2001&quot;, &quot;last_updated&quot;: 1000000013, &quot;timestamp&quot;: 1000000005, &quot;host&quot;: &quot;api-xxxxxx.test.duosecurity.com&quot;, &quot;eventtype&quot;: &quot;endpoint&quot;}
{&quot;ctime&quot;: &quot;Sun Sep  9 07:16:45 2001&quot;, &quot;last_updated&quot;: 1000000014, &quot;timestamp&quot;: 1000000005, &quot;host&quot;: &quot;api-xxxxxx.test.duosecurity.com&quot;, &quot;eventtype&quot;: &quot;endpoint&quot;}
{&quot;ctime&quot;: &quot;Sun Sep  9 07:16:45 2001&quot;, &quot;last_updated&quot;: 1000000005, &quot;timestamp&quot;: 1000000005, &quot;host&quot;: &quot;api-xxxxxx.test.duosecurity.com&quot;, &quot;eventtype&quot;: &quot;endpoint&quot;}
{&quot;ctime&quot;: &quot;Sun Sep  9 07:16:45 2001&quot;, &quot;last_updated&quot;: 1000000006, &quot;timestamp&quot;: 1000000005, &quot;host&quot;: &quot;api-xxxxxx.test.duosecurity.com&quot;, &quot;eventtype&quot;: &quot;endpoint&quot;}
{&quot;ctime&quot;: &quot;Sun Sep  9 07:16:45 2001&quot;, &quot;last_updated&quot;: 1000000007, &quot;timestamp&quot;: 1000000005, &quot;host&quot;: &quot;api-xxxxxx.test.duosecurity.com&quot;, &quot;eventtype&quot;: &quot;endpoint&quot;}
{&quot;ctime&quot;: &quot;Sun Sep  9 07:16:45 2001&quot;, &quot;last_updated&quot;: 1000000008, &quot;timestamp&quot;: 1000000005, &quot;host&quot;: &quot;api-xxxxxx.test.duosecurity.com&quot;, &quot;eventtype&quot;: &quot;endpoint&quot;}
{&quot;ctime&quot;: &quot;Sun Sep  9 07:16:45 2001&quot;, &quot;last_updated&quot;: 1000000009, &quot;timestamp&quot;: 1000000005, &quot;host&quot;: &quot;api-xxxxxx.test.duosecurity.com&quot;, &quot;eventtype&quot;: &quot;endpoint&quot;}
{&quot;ctime&quot;: &quot;Sun Sep  9 07:16:45 2001&quot;, &quot;last_updated&quot;: 1000000010, &quot;timestamp&quot;: 1000000005, &quot;host&quot;: &quot;api-xxxxxx.test.duosecurity.com&quot;, &quot;eventtype&quot;: &quot;endpoint&quot;}
{&quot;ctime&quot;: &quot;Sun Sep  9 07:16:45 2001&quot;, &quot;last_updated&quot;: 1000000011, &quot;timestamp&quot;: 1000000005, &quot;host&quot;: &quot;api-xxxxxx.test.duosecurity.com&quot;, &quot;eventtype&quot;: &quot;endpoint&quot;}
{&quot;ctime&quot;: &quot;Sun Sep  9 07:16:45 2001&quot;, &quot;last_updated&quot;: 1000000012, &quot;timestamp&quot;: 1000000005, &quot;host&quot;: &quot;api-xxxxxx.test.duosecurity.com&quot;, &quot;eventtype&quot;: &quot;endpoint&quot;}
{&quot;ctime&quot;: &quot;Sun Sep  9 07:16:45 2001&quot;, &quot;last_updated&quot;: 1000000013, &quot;timestamp&quot;: 1000000005, &quot;host&quot;: &quot;api-xxxxxx.test.duosecurity.com&quot;, &quot;eventtype&quot;: &quot;endpoint&quot;}
{&quot;ctime&quot;: &quot;Sun Sep  9 07:16:45 2001&quot;, &quot;last_updated&quot;: 1000000014, &quot;timestamp&quot;: 1000000005, &quot;host&quot;: &quot;api-xxxxxx.test.duosecurity.com&quot;, &quot;eventtype&quot;: &quot;endpoint&quot;}
{&quot;ctime&quot;: &quot;Sun Sep  9 07:16:45 2001&quot;, &quot;last_updated&quot;: 1000000005, &quot;timestamp&quot;: 1000000005, &quot;host&quot;: &quot;api-xxxxxx.test.duosecurity.com&quot;, &quot;eventtype&quot;: &quot;endpoint&quot;}
{&quot;ctime&quot;: &quot;Sun Sep  9 07:16:45 2001&quot;, &quot;last_updated&quot;: 1000000006, &quot;timestamp&quot;: 1000000005, &quot;host&quot;: &quot;api-xxxxxx.test.duosecurity.com&quot;, &quot;eventtype&quot;: &quot;endpoint&quot;}
{&quot;ctime&quot;: &quot;Sun Sep  9 07:16:45 2001&quot;, &quot;last_updated&quot;: 1000000007, &quot;timestamp&quot;: 1000000005, &quot;host&quot;: &quot;api-xxxxxx.test.duosecurity.com&quot;, &quot;eventtype&quot;: &quot;endpoint&quot;}
{&quot;ctime&quot;: &quot;Sun Sep  9 07:16:45 2001&quot;, &quot;last_updated&quot;: 1000000008, &quot;timestamp&quot;: 1000000005, &quot;host&quot;: &quot;api-xxxxxx.test.duosecurity.com&quot;, &quot;eventtype&quot;: &quot;endpoint&quot;}
{&quot;ctime&quot;: &quot;Sun Sep  9 07:16:45 2001&quot;, &quot;last_updated&quot;: 1000000009, &quot;timestamp&quot;: 1000000005, &quot;host&quot;: &quot;api-xxxxxx.test.duosecurity.com&quot;, &quot;eventtype&quot;: &quot;endpoint&quot;}
{&quot;ctime&quot;: &quot;Sun Sep  9 07:16:45 2001&quot;, &quot;last_updated&quot;: 1000000010, &quot;timestamp&quot;: 1000000005, &quot;host&quot;: &quot;api-xxxxxx.test.duosecurity.com&quot;, &quot;eventtype&quot;: &quot;endpoint&quot;}
{&quot;ctime&quot;: &quot;Sun Sep  9 07:16:45 2001&quot;, &quot;last_updated&quot;: 1000000011, &quot;timestamp&quot;: 1000000005, &quot;host&quot;: &quot;api-xxxxxx.test.duosecurity.com&quot;, &quot;eventtype&quot;: &quot;endpoint&quot;}
{&quot;ctime&quot;: &quot;Sun Sep  9 07:16:45 2001&quot;, &quot;last_updated&quot;: 1000000012, &quot;timestamp&quot;: 1000000005, &quot;host&quot;: &quot;api-xxxxxx.test.duosecurity.com&quot;, &quot;eventtype&quot;: &quot;endpoint&quot;}
{&quot;ctime&quot;: &quot;Sun Sep  9 07:16:45 2001&quot;, &quot;last_updated&quot;: 1000000013, &quot;timestamp&quot;: 1000000005, &quot;host&quot;: &quot;api-xxxxxx.test.duosecurity.com&quot;, &quot;eventtype&quot;: &quot;endpoint&quot;}
{&quot;ctime&quot;: &quot;Sun Sep  9 07:16:45 2001&quot;, &quot;last_updated&quot;: 1000000014, &quot;timestamp&quot;: 1000000005, &quot;host&quot;: &quot;api-xxxxxx.test.duosecurity.com&quot;, &quot;eventtype&quot;: &quot;endpoint&quot;}
</system-out></testcase><testcase classname="bin.test.test_paginated_endpoint_log.PaginatedEndpointLogTestCase" file="bin/test/test_paginated_endpoint_log.py" line="186" name="test_run_update_last_timestamp_on_exception" time="0.002"></testcase><testcase classname="bin.test.test_paginated_endpoint_log.PaginatedEndpointLogTestCase" file="bin/test/test_paginated_endpoint_log.py" line="138" name="test_run_with_invalid_timestamp" time="0.001"></testcase><testcase classname="bin.test.test_paginated_endpoint_log.PaginatedEndpointLogTestCase" file="bin/test/test_paginated_endpoint_log.py" line="96" name="test_run_with_valid_timestamp" time="0.003"></testcase><testcase classname="bin.test.test_paginated_telephony_log.PaginatedTelephonyLogTestCase" file="bin/test/test_paginated_telephony_log.py" line="96" name="test_run_last_timestamp_no_update" time="0.002"><system-out>{&quot;ctime&quot;: &quot;Thu Jan  1 05:30:01 1970&quot;, &quot;timestamp&quot;: 1, &quot;host&quot;: &quot;api-xxxxxx.test.duosecurity.com&quot;, &quot;eventtype&quot;: &quot;telephony&quot;}
{&quot;ctime&quot;: &quot;Thu Jan  1 05:30:02 1970&quot;, &quot;timestamp&quot;: 2, &quot;host&quot;: &quot;api-xxxxxx.test.duosecurity.com&quot;, &quot;eventtype&quot;: &quot;telephony&quot;}
</system-out></testcase><testcase classname="bin.test.test_paginated_telephony_log.PaginatedTelephonyLogTestCase" file="bin/test/test_paginated_telephony_log.py" line="60" name="test_run_output" time="0.002"></testcase><testcase classname="bin.test.test_paginated_telephony_v2_log.PaginatedTelephonyV2TestCase" file="bin/test/test_paginated_telephony_v2_log.py" line="110" name="test_run_last_timestamp_no_update" time="0.003"><system-out>{&quot;ctime&quot;: &quot;Tue May 16 03:21:00 2023&quot;, &quot;data&quot;: 0, &quot;ts&quot;: &quot;2023-05-15T21:51:00.987654+00:00&quot;, &quot;timestamp&quot;: 1684187460, &quot;host&quot;: &quot;api-xxxxxx.test.duosecurity.com&quot;, &quot;eventtype&quot;: &quot;telephony_v2&quot;}
{&quot;ctime&quot;: &quot;Tue May 16 03:21:01 2023&quot;, &quot;data&quot;: 1, &quot;ts&quot;: &quot;2023-05-15T21:51:01.987654+00:00&quot;, &quot;timestamp&quot;: 1684187461, &quot;host&quot;: &quot;api-xxxxxx.test.duosecurity.com&quot;, &quot;eventtype&quot;: &quot;telephony_v2&quot;}
{&quot;ctime&quot;: &quot;Tue May 16 03:21:02 2023&quot;, &quot;data&quot;: 2, &quot;ts&quot;: &quot;2023-05-15T21:51:02.987654+00:00&quot;, &quot;timestamp&quot;: 1684187462, &quot;host&quot;: &quot;api-xxxxxx.test.duosecurity.com&quot;, &quot;eventtype&quot;: &quot;telephony_v2&quot;}
{&quot;ctime&quot;: &quot;Tue May 16 03:21:03 2023&quot;, &quot;data&quot;: 3, &quot;ts&quot;: &quot;2023-05-15T21:51:03.987654+00:00&quot;, &quot;timestamp&quot;: 1684187463, &quot;host&quot;: &quot;api-xxxxxx.test.duosecurity.com&quot;, &quot;eventtype&quot;: &quot;telephony_v2&quot;}
{&quot;ctime&quot;: &quot;Tue May 16 03:21:04 2023&quot;, &quot;data&quot;: 4, &quot;ts&quot;: &quot;2023-05-15T21:51:04.987654+00:00&quot;, &quot;timestamp&quot;: 1684187464, &quot;host&quot;: &quot;api-xxxxxx.test.duosecurity.com&quot;, &quot;eventtype&quot;: &quot;telephony_v2&quot;}
{&quot;ctime&quot;: &quot;Tue May 16 03:21:05 2023&quot;, &quot;data&quot;: 5, &quot;ts&quot;: &quot;2023-05-15T21:51:05.987654+00:00&quot;, &quot;timestamp&quot;: 1684187465, &quot;host&quot;: &quot;api-xxxxxx.test.duosecurity.com&quot;, &quot;eventtype&quot;: &quot;telephony_v2&quot;}
{&quot;ctime&quot;: &quot;Tue May 16 03:21:06 2023&quot;, &quot;data&quot;: 6, &quot;ts&quot;: &quot;2023-05-15T21:51:06.987654+00:00&quot;, &quot;timestamp&quot;: 1684187466, &quot;host&quot;: &quot;api-xxxxxx.test.duosecurity.com&quot;, &quot;eventtype&quot;: &quot;telephony_v2&quot;}
{&quot;ctime&quot;: &quot;Tue May 16 03:21:07 2023&quot;, &quot;data&quot;: 7, &quot;ts&quot;: &quot;2023-05-15T21:51:07.987654+00:00&quot;, &quot;timestamp&quot;: 1684187467, &quot;host&quot;: &quot;api-xxxxxx.test.duosecurity.com&quot;, &quot;eventtype&quot;: &quot;telephony_v2&quot;}
{&quot;ctime&quot;: &quot;Tue May 16 03:21:08 2023&quot;, &quot;data&quot;: 8, &quot;ts&quot;: &quot;2023-05-15T21:51:08.987654+00:00&quot;, &quot;timestamp&quot;: 1684187468, &quot;host&quot;: &quot;api-xxxxxx.test.duosecurity.com&quot;, &quot;eventtype&quot;: &quot;telephony_v2&quot;}
{&quot;ctime&quot;: &quot;Tue May 16 03:21:09 2023&quot;, &quot;data&quot;: 9, &quot;ts&quot;: &quot;2023-05-15T21:51:09.987654+00:00&quot;, &quot;timestamp&quot;: 1684187469, &quot;host&quot;: &quot;api-xxxxxx.test.duosecurity.com&quot;, &quot;eventtype&quot;: &quot;telephony_v2&quot;}
{&quot;ctime&quot;: &quot;Tue May 16 03:21:00 2023&quot;, &quot;data&quot;: 0, &quot;ts&quot;: &quot;2023-05-15T21:51:00.987654+00:00&quot;, &quot;timestamp&quot;: 1684187460, &quot;host&quot;: &quot;api-xxxxxx.test.duosecurity.com&quot;, &quot;eventtype&quot;: &quot;telephony_v2&quot;}
{&quot;ctime&quot;: &quot;Tue May 16 03:21:01 2023&quot;, &quot;data&quot;: 1, &quot;ts&quot;: &quot;2023-05-15T21:51:01.987654+00:00&quot;, &quot;timestamp&quot;: 1684187461, &quot;host&quot;: &quot;api-xxxxxx.test.duosecurity.com&quot;, &quot;eventtype&quot;: &quot;telephony_v2&quot;}
{&quot;ctime&quot;: &quot;Tue May 16 03:21:02 2023&quot;, &quot;data&quot;: 2, &quot;ts&quot;: &quot;2023-05-15T21:51:02.987654+00:00&quot;, &quot;timestamp&quot;: 1684187462, &quot;host&quot;: &quot;api-xxxxxx.test.duosecurity.com&quot;, &quot;eventtype&quot;: &quot;telephony_v2&quot;}
{&quot;ctime&quot;: &quot;Tue May 16 03:21:03 2023&quot;, &quot;data&quot;: 3, &quot;ts&quot;: &quot;2023-05-15T21:51:03.987654+00:00&quot;, &quot;timestamp&quot;: 1684187463, &quot;host&quot;: &quot;api-xxxxxx.test.duosecurity.com&quot;, &quot;eventtype&quot;: &quot;telephony_v2&quot;}
{&quot;ctime&quot;: &quot;Tue May 16 03:21:04 2023&quot;, &quot;data&quot;: 4, &quot;ts&quot;: &quot;2023-05-15T21:51:04.987654+00:00&quot;, &quot;timestamp&quot;: 1684187464, &quot;host&quot;: &quot;api-xxxxxx.test.duosecurity.com&quot;, &quot;eventtype&quot;: &quot;telephony_v2&quot;}
{&quot;ctime&quot;: &quot;Tue May 16 03:21:05 2023&quot;, &quot;data&quot;: 5, &quot;ts&quot;: &quot;2023-05-15T21:51:05.987654+00:00&quot;, &quot;timestamp&quot;: 1684187465, &quot;host&quot;: &quot;api-xxxxxx.test.duosecurity.com&quot;, &quot;eventtype&quot;: &quot;telephony_v2&quot;}
{&quot;ctime&quot;: &quot;Tue May 16 03:21:06 2023&quot;, &quot;data&quot;: 6, &quot;ts&quot;: &quot;2023-05-15T21:51:06.987654+00:00&quot;, &quot;timestamp&quot;: 1684187466, &quot;host&quot;: &quot;api-xxxxxx.test.duosecurity.com&quot;, &quot;eventtype&quot;: &quot;telephony_v2&quot;}
{&quot;ctime&quot;: &quot;Tue May 16 03:21:07 2023&quot;, &quot;data&quot;: 7, &quot;ts&quot;: &quot;2023-05-15T21:51:07.987654+00:00&quot;, &quot;timestamp&quot;: 1684187467, &quot;host&quot;: &quot;api-xxxxxx.test.duosecurity.com&quot;, &quot;eventtype&quot;: &quot;telephony_v2&quot;}
{&quot;ctime&quot;: &quot;Tue May 16 03:21:08 2023&quot;, &quot;data&quot;: 8, &quot;ts&quot;: &quot;2023-05-15T21:51:08.987654+00:00&quot;, &quot;timestamp&quot;: 1684187468, &quot;host&quot;: &quot;api-xxxxxx.test.duosecurity.com&quot;, &quot;eventtype&quot;: &quot;telephony_v2&quot;}
{&quot;ctime&quot;: &quot;Tue May 16 03:21:09 2023&quot;, &quot;data&quot;: 9, &quot;ts&quot;: &quot;2023-05-15T21:51:09.987654+00:00&quot;, &quot;timestamp&quot;: 1684187469, &quot;host&quot;: &quot;api-xxxxxx.test.duosecurity.com&quot;, &quot;eventtype&quot;: &quot;telephony_v2&quot;}
{&quot;ctime&quot;: &quot;Tue May 16 03:21:00 2023&quot;, &quot;data&quot;: 0, &quot;ts&quot;: &quot;2023-05-15T21:51:00.987654+00:00&quot;, &quot;timestamp&quot;: 1684187460, &quot;host&quot;: &quot;api-xxxxxx.test.duosecurity.com&quot;, &quot;eventtype&quot;: &quot;telephony_v2&quot;}
{&quot;ctime&quot;: &quot;Tue May 16 03:21:01 2023&quot;, &quot;data&quot;: 1, &quot;ts&quot;: &quot;2023-05-15T21:51:01.987654+00:00&quot;, &quot;timestamp&quot;: 1684187461, &quot;host&quot;: &quot;api-xxxxxx.test.duosecurity.com&quot;, &quot;eventtype&quot;: &quot;telephony_v2&quot;}
{&quot;ctime&quot;: &quot;Tue May 16 03:21:02 2023&quot;, &quot;data&quot;: 2, &quot;ts&quot;: &quot;2023-05-15T21:51:02.987654+00:00&quot;, &quot;timestamp&quot;: 1684187462, &quot;host&quot;: &quot;api-xxxxxx.test.duosecurity.com&quot;, &quot;eventtype&quot;: &quot;telephony_v2&quot;}
{&quot;ctime&quot;: &quot;Tue May 16 03:21:03 2023&quot;, &quot;data&quot;: 3, &quot;ts&quot;: &quot;2023-05-15T21:51:03.987654+00:00&quot;, &quot;timestamp&quot;: 1684187463, &quot;host&quot;: &quot;api-xxxxxx.test.duosecurity.com&quot;, &quot;eventtype&quot;: &quot;telephony_v2&quot;}
{&quot;ctime&quot;: &quot;Tue May 16 03:21:04 2023&quot;, &quot;data&quot;: 4, &quot;ts&quot;: &quot;2023-05-15T21:51:04.987654+00:00&quot;, &quot;timestamp&quot;: 1684187464, &quot;host&quot;: &quot;api-xxxxxx.test.duosecurity.com&quot;, &quot;eventtype&quot;: &quot;telephony_v2&quot;}
{&quot;ctime&quot;: &quot;Tue May 16 03:21:05 2023&quot;, &quot;data&quot;: 5, &quot;ts&quot;: &quot;2023-05-15T21:51:05.987654+00:00&quot;, &quot;timestamp&quot;: 1684187465, &quot;host&quot;: &quot;api-xxxxxx.test.duosecurity.com&quot;, &quot;eventtype&quot;: &quot;telephony_v2&quot;}
{&quot;ctime&quot;: &quot;Tue May 16 03:21:06 2023&quot;, &quot;data&quot;: 6, &quot;ts&quot;: &quot;2023-05-15T21:51:06.987654+00:00&quot;, &quot;timestamp&quot;: 1684187466, &quot;host&quot;: &quot;api-xxxxxx.test.duosecurity.com&quot;, &quot;eventtype&quot;: &quot;telephony_v2&quot;}
{&quot;ctime&quot;: &quot;Tue May 16 03:21:07 2023&quot;, &quot;data&quot;: 7, &quot;ts&quot;: &quot;2023-05-15T21:51:07.987654+00:00&quot;, &quot;timestamp&quot;: 1684187467, &quot;host&quot;: &quot;api-xxxxxx.test.duosecurity.com&quot;, &quot;eventtype&quot;: &quot;telephony_v2&quot;}
[...]
{&quot;ctime&quot;: &quot;Thu Jan  1 05:30:07 1970&quot;, &quot;data&quot;: 7, &quot;surfaced_timestamp&quot;: 7654.321000000001, &quot;timestamp&quot;: 7, &quot;host&quot;: &quot;api-xxxxxx.test.duosecurity.com&quot;, &quot;eventtype&quot;: &quot;trust_monitor&quot;}
{&quot;ctime&quot;: &quot;Thu Jan  1 05:30:08 1970&quot;, &quot;data&quot;: 8, &quot;surfaced_timestamp&quot;: 8654.321, &quot;timestamp&quot;: 8, &quot;host&quot;: &quot;api-xxxxxx.test.duosecurity.com&quot;, &quot;eventtype&quot;: &quot;trust_monitor&quot;}
{&quot;ctime&quot;: &quot;Thu Jan  1 05:30:09 1970&quot;, &quot;data&quot;: 9, &quot;surfaced_timestamp&quot;: 9654.321, &quot;timestamp&quot;: 9, &quot;host&quot;: &quot;api-xxxxxx.test.duosecurity.com&quot;, &quot;eventtype&quot;: &quot;trust_monitor&quot;}
{&quot;ctime&quot;: &quot;Thu Jan  1 05:30:00 1970&quot;, &quot;data&quot;: 0, &quot;surfaced_timestamp&quot;: 654.321, &quot;timestamp&quot;: 0, &quot;host&quot;: &quot;api-xxxxxx.test.duosecurity.com&quot;, &quot;eventtype&quot;: &quot;trust_monitor&quot;}
{&quot;ctime&quot;: &quot;Thu Jan  1 05:30:01 1970&quot;, &quot;data&quot;: 1, &quot;surfaced_timestamp&quot;: 1654.321, &quot;timestamp&quot;: 1, &quot;host&quot;: &quot;api-xxxxxx.test.duosecurity.com&quot;, &quot;eventtype&quot;: &quot;trust_monitor&quot;}
{&quot;ctime&quot;: &quot;Thu Jan  1 05:30:02 1970&quot;, &quot;data&quot;: 2, &quot;surfaced_timestamp&quot;: 2654.321, &quot;timestamp&quot;: 2, &quot;host&quot;: &quot;api-xxxxxx.test.duosecurity.com&quot;, &quot;eventtype&quot;: &quot;trust_monitor&quot;}
{&quot;ctime&quot;: &quot;Thu Jan  1 05:30:03 1970&quot;, &quot;data&quot;: 3, &quot;surfaced_timestamp&quot;: 3654.321, &quot;timestamp&quot;: 3, &quot;host&quot;: &quot;api-xxxxxx.test.duosecurity.com&quot;, &quot;eventtype&quot;: &quot;trust_monitor&quot;}
{&quot;ctime&quot;: &quot;Thu Jan  1 05:30:04 1970&quot;, &quot;data&quot;: 4, &quot;surfaced_timestamp&quot;: 4654.321000000001, &quot;timestamp&quot;: 4, &quot;host&quot;: &quot;api-xxxxxx.test.duosecurity.com&quot;, &quot;eventtype&quot;: &quot;trust_monitor&quot;}
{&quot;ctime&quot;: &quot;Thu Jan  1 05:30:05 1970&quot;, &quot;data&quot;: 5, &quot;surfaced_timestamp&quot;: 5654.321000000001, &quot;timestamp&quot;: 5, &quot;host&quot;: &quot;api-xxxxxx.test.duosecurity.com&quot;, &quot;eventtype&quot;: &quot;trust_monitor&quot;}
{&quot;ctime&quot;: &quot;Thu Jan  1 05:30:06 1970&quot;, &quot;data&quot;: 6, &quot;surfaced_timestamp&quot;: 6654.321000000001, &quot;timestamp&quot;: 6, &quot;host&quot;: &quot;api-xxxxxx.test.duosecurity.com&quot;, &quot;eventtype&quot;: &quot;trust_monitor&quot;}
{&quot;ctime&quot;: &quot;Thu Jan  1 05:30:07 1970&quot;, &quot;data&quot;: 7, &quot;surfaced_timestamp&quot;: 7654.321000000001, &quot;timestamp&quot;: 7, &quot;host&quot;: &quot;api-xxxxxx.test.duosecurity.com&quot;, &quot;eventtype&quot;: &quot;trust_monitor&quot;}
{&quot;ctime&quot;: &quot;Thu Jan  1 05:30:08 1970&quot;, &quot;data&quot;: 8, &quot;surfaced_timestamp&quot;: 8654.321, &quot;timestamp&quot;: 8, &quot;host&quot;: &quot;api-xxxxxx.test.duosecurity.com&quot;, &quot;eventtype&quot;: &quot;trust_monitor&quot;}
{&quot;ctime&quot;: &quot;Thu Jan  1 05:30:09 1970&quot;, &quot;data&quot;: 9, &quot;surfaced_timestamp&quot;: 9654.321, &quot;timestamp&quot;: 9, &quot;host&quot;: &quot;api-xxxxxx.test.duosecurity.com&quot;, &quot;eventtype&quot;: &quot;trust_monitor&quot;}
{&quot;ctime&quot;: &quot;Thu Jan  1 05:30:00 1970&quot;, &quot;data&quot;: 0, &quot;surfaced_timestamp&quot;: 654.321, &quot;timestamp&quot;: 0, &quot;host&quot;: &quot;api-xxxxxx.test.duosecurity.com&quot;, &quot;eventtype&quot;: &quot;trust_monitor&quot;}
{&quot;ctime&quot;: &quot;Thu Jan  1 05:30:01 1970&quot;, &quot;data&quot;: 1, &quot;surfaced_timestamp&quot;: 1654.321, &quot;timestamp&quot;: 1, &quot;host&quot;: &quot;api-xxxxxx.test.duosecurity.com&quot;, &quot;eventtype&quot;: &quot;trust_monitor&quot;}
{&quot;ctime&quot;: &quot;Thu Jan  1 05:30:02 1970&quot;, &quot;data&quot;: 2, &quot;surfaced_timestamp&quot;: 2654.321, &quot;timestamp&quot;: 2, &quot;host&quot;: &quot;api-xxxxxx.test.duosecurity.com&quot;, &quot;eventtype&quot;: &quot;trust_monitor&quot;}
{&quot;ctime&quot;: &quot;Thu Jan  1 05:30:03 1970&quot;, &quot;data&quot;: 3, &quot;surfaced_timestamp&quot;: 3654.321, &quot;timestamp&quot;: 3, &quot;host&quot;: &quot;api-xxxxxx.test.duosecurity.com&quot;, &quot;eventtype&quot;: &quot;trust_monitor&quot;}
{&quot;ctime&quot;: &quot;Thu Jan  1 05:30:04 1970&quot;, &quot;data&quot;: 4, &quot;surfaced_timestamp&quot;: 4654.321000000001, &quot;timestamp&quot;: 4, &quot;host&quot;: &quot;api-xxxxxx.test.duosecurity.com&quot;, &quot;eventtype&quot;: &quot;trust_monitor&quot;}
{&quot;ctime&quot;: &quot;Thu Jan  1 05:30:05 1970&quot;, &quot;data&quot;: 5, &quot;surfaced_timestamp&quot;: 5654.321000000001, &quot;timestamp&quot;: 5, &quot;host&quot;: &quot;api-xxxxxx.test.duosecurity.com&quot;, &quot;eventtype&quot;: &quot;trust_monitor&quot;}
{&quot;ctime&quot;: &quot;Thu Jan  1 05:30:06 1970&quot;, &quot;data&quot;: 6, &quot;surfaced_timestamp&quot;: 6654.321000000001, &quot;timestamp&quot;: 6, &quot;host&quot;: &quot;api-xxxxxx.test.duosecurity.com&quot;, &quot;eventtype&quot;: &quot;trust_monitor&quot;}
{&quot;ctime&quot;: &quot;Thu Jan  1 05:30:07 1970&quot;, &quot;data&quot;: 7, &quot;surfaced_timestamp&quot;: 7654.321000000001, &quot;timestamp&quot;: 7, &quot;host&quot;: &quot;api-xxxxxx.test.duosecurity.com&quot;, &quot;eventtype&quot;: &quot;trust_monitor&quot;}
{&quot;ctime&quot;: &quot;Thu Jan  1 05:30:08 1970&quot;, &quot;data&quot;: 8, &quot;surfaced_timestamp&quot;: 8654.321, &quot;timestamp&quot;: 8, &quot;host&quot;: &quot;api-xxxxxx.test.duosecurity.com&quot;, &quot;eventtype&quot;: &quot;trust_monitor&quot;}
{&quot;ctime&quot;: &quot;Thu Jan  1 05:30:09 1970&quot;, &quot;data&quot;: 9, &quot;surfaced_timestamp&quot;: 9654.321, &quot;timestamp&quot;: 9, &quot;host&quot;: &quot;api-xxxxxx.test.duosecurity.com&quot;, &quot;eventtype&quot;: &quot;trust_monitor&quot;}
{&quot;ctime&quot;: &quot;Thu Jan  1 05:30:00 1970&quot;, &quot;data&quot;: 0, &quot;surfaced_timestamp&quot;: 654.321, &quot;timestamp&quot;: 0, &quot;host&quot;: &quot;api-xxxxxx.test.duosecurity.com&quot;, &quot;eventtype&quot;: &quot;trust_monitor&quot;}
{&quot;ctime&quot;: &quot;Thu Jan  1 05:30:01 1970&quot;, &quot;data&quot;: 1, &quot;surfaced_timestamp&quot;: 1654.321, &quot;timestamp&quot;: 1, &quot;host&quot;: &quot;api-xxxxxx.test.duosecurity.com&quot;, &quot;eventtype&quot;: &quot;trust_monitor&quot;}
{&quot;ctime&quot;: &quot;Thu Jan  1 05:30:02 1970&quot;, &quot;data&quot;: 2, &quot;surfaced_timestamp&quot;: 2654.321, &quot;timestamp&quot;: 2, &quot;host&quot;: &quot;api-xxxxxx.test.duosecurity.com&quot;, &quot;eventtype&quot;: &quot;trust_monitor&quot;}
{&quot;ctime&quot;: &quot;Thu Jan  1 05:30:03 1970&quot;, &quot;data&quot;: 3, &quot;surfaced_timestamp&quot;: 3654.321, &quot;timestamp&quot;: 3, &quot;host&quot;: &quot;api-xxxxxx.test.duosecurity.com&quot;, &quot;eventtype&quot;: &quot;trust_monitor&quot;}
{&quot;ctime&quot;: &quot;Thu Jan  1 05:30:04 1970&quot;, &quot;data&quot;: 4, &quot;surfaced_timestamp&quot;: 4654.321000000001, &quot;timestamp&quot;: 4, &quot;host&quot;: &quot;api-xxxxxx.test.duosecurity.com&quot;, &quot;eventtype&quot;: &quot;trust_monitor&quot;}
{&quot;ctime&quot;: &quot;Thu Jan  1 05:30:05 1970&quot;, &quot;data&quot;: 5, &quot;surfaced_timestamp&quot;: 5654.321000000001, &quot;timestamp&quot;: 5, &quot;host&quot;: &quot;api-xxxxxx.test.duosecurity.com&quot;, &quot;eventtype&quot;: &quot;trust_monitor&quot;}
{&quot;ctime&quot;: &quot;Thu Jan  1 05:30:06 1970&quot;, &quot;data&quot;: 6, &quot;surfaced_timestamp&quot;: 6654.321000000001, &quot;timestamp&quot;: 6, &quot;host&quot;: &quot;api-xxxxxx.test.duosecurity.com&quot;, &quot;eventtype&quot;: &quot;trust_monitor&quot;}
{&quot;ctime&quot;: &quot;Thu Jan  1 05:30:07 1970&quot;, &quot;data&quot;: 7, &quot;surfaced_timestamp&quot;: 7654.321000000001, &quot;timestamp&quot;: 7, &quot;host&quot;: &quot;api-xxxxxx.test.duosecurity.com&quot;, &quot;eventtype&quot;: &quot;trust_monitor&quot;}
{&quot;ctime&quot;: &quot;Thu Jan  1 05:30:08 1970&quot;, &quot;data&quot;: 8, &quot;surfaced_timestamp&quot;: 8654.321, &quot;timestamp&quot;: 8, &quot;host&quot;: &quot;api-xxxxxx.test.duosecurity.com&quot;, &quot;eventtype&quot;: &quot;trust_monitor&quot;}
{&quot;ctime&quot;: &quot;Thu Jan  1 05:30:09 1970&quot;, &quot;data&quot;: 9, &quot;surfaced_timestamp&quot;: 9654.321, &quot;timestamp&quot;: 9, &quot;host&quot;: &quot;api-xxxxxx.test.duosecurity.com&quot;, &quot;eventtype&quot;: &quot;trust_monitor&quot;}
{&quot;ctime&quot;: &quot;Thu Jan  1 05:30:00 1970&quot;, &quot;data&quot;: 0, &quot;surfaced_timestamp&quot;: 654.321, &quot;timestamp&quot;: 0, &quot;host&quot;: &quot;api-xxxxxx.test.duosecurity.com&quot;, &quot;eventtype&quot;: &quot;trust_monitor&quot;}
{&quot;ctime&quot;: &quot;Thu Jan  1 05:30:01 1970&quot;, &quot;data&quot;: 1, &quot;surfaced_timestamp&quot;: 1654.321, &quot;timestamp&quot;: 1, &quot;host&quot;: &quot;api-xxxxxx.test.duosecurity.com&quot;, &quot;eventtype&quot;: &quot;trust_monitor&quot;}
{&quot;ctime&quot;: &quot;Thu Jan  1 05:30:02 1970&quot;, &quot;data&quot;: 2, &quot;surfaced_timestamp&quot;: 2654.321, &quot;timestamp&quot;: 2, &quot;host&quot;: &quot;api-xxxxxx.test.duosecurity.com&quot;, &quot;eventtype&quot;: &quot;trust_monitor&quot;}
{&quot;ctime&quot;: &quot;Thu Jan  1 05:30:03 1970&quot;, &quot;data&quot;: 3, &quot;surfaced_timestamp&quot;: 3654.321, &quot;timestamp&quot;: 3, &quot;host&quot;: &quot;api-xxxxxx.test.duosecurity.com&quot;, &quot;eventtype&quot;: &quot;trust_monitor&quot;}
{&quot;ctime&quot;: &quot;Thu Jan  1 05:30:04 1970&quot;, &quot;data&quot;: 4, &quot;surfaced_timestamp&quot;: 4654.321000000001, &quot;timestamp&quot;: 4, &quot;host&quot;: &quot;api-xxxxxx.test.duosecurity.com&quot;, &quot;eventtype&quot;: &quot;trust_monitor&quot;}
{&quot;ctime&quot;: &quot;Thu Jan  1 05:30:05 1970&quot;, &quot;data&quot;: 5, &quot;surfaced_timestamp&quot;: 5654.321000000001, &quot;timestamp&quot;: 5, &quot;host&quot;: &quot;api-xxxxxx.test.duosecurity.com&quot;, &quot;eventtype&quot;: &quot;trust_monitor&quot;}
{&quot;ctime&quot;: &quot;Thu Jan  1 05:30:06 1970&quot;, &quot;data&quot;: 6, &quot;surfaced_timestamp&quot;: 6654.321000000001, &quot;timestamp&quot;: 6, &quot;host&quot;: &quot;api-xxxxxx.test.duosecurity.com&quot;, &quot;eventtype&quot;: &quot;trust_monitor&quot;}
{&quot;ctime&quot;: &quot;Thu Jan  1 05:30:07 1970&quot;, &quot;data&quot;: 7, &quot;surfaced_timestamp&quot;: 7654.321000000001, &quot;timestamp&quot;: 7, &quot;host&quot;: &quot;api-xxxxxx.test.duosecurity.com&quot;, &quot;eventtype&quot;: &quot;trust_monitor&quot;}
{&quot;ctime&quot;: &quot;Thu Jan  1 05:30:08 1970&quot;, &quot;data&quot;: 8, &quot;surfaced_timestamp&quot;: 8654.321, &quot;timestamp&quot;: 8, &quot;host&quot;: &quot;api-xxxxxx.test.duosecurity.com&quot;, &quot;eventtype&quot;: &quot;trust_monitor&quot;}
{&quot;ctime&quot;: &quot;Thu Jan  1 05:30:09 1970&quot;, &quot;data&quot;: 9, &quot;surfaced_timestamp&quot;: 9654.321, &quot;timestamp&quot;: 9, &quot;host&quot;: &quot;api-xxxxxx.test.duosecurity.com&quot;, &quot;eventtype&quot;: &quot;trust_monitor&quot;}
{&quot;ctime&quot;: &quot;Thu Jan  1 05:30:00 1970&quot;, &quot;data&quot;: 0, &quot;surfaced_timestamp&quot;: 654.321, &quot;timestamp&quot;: 0, &quot;host&quot;: &quot;api-xxxxxx.test.duosecurity.com&quot;, &quot;eventtype&quot;: &quot;trust_monitor&quot;}
{&quot;ctime&quot;: &quot;Thu Jan  1 05:30:01 1970&quot;, &quot;data&quot;: 1, &quot;surfaced_timestamp&quot;: 1654.321, &quot;timestamp&quot;: 1, &quot;host&quot;: &quot;api-xxxxxx.test.duosecurity.com&quot;, &quot;eventtype&quot;: &quot;trust_monitor&quot;}
{&quot;ctime&quot;: &quot;Thu Jan  1 05:30:02 1970&quot;, &quot;data&quot;: 2, &quot;surfaced_timestamp&quot;: 2654.321, &quot;timestamp&quot;: 2, &quot;host&quot;: &quot;api-xxxxxx.test.duosecurity.com&quot;, &quot;eventtype&quot;: &quot;trust_monitor&quot;}
{&quot;ctime&quot;: &quot;Thu Jan  1 05:30:03 1970&quot;, &quot;data&quot;: 3, &quot;surfaced_timestamp&quot;: 3654.321, &quot;timestamp&quot;: 3, &quot;host&quot;: &quot;api-xxxxxx.test.duosecurity.com&quot;, &quot;eventtype&quot;: &quot;trust_monitor&quot;}
{&quot;ctime&quot;: &quot;Thu Jan  1 05:30:04 1970&quot;, &quot;data&quot;: 4, &quot;surfaced_timestamp&quot;: 4654.321000000001, &quot;timestamp&quot;: 4, &quot;host&quot;: &quot;api-xxxxxx.test.duosecurity.com&quot;, &quot;eventtype&quot;: &quot;trust_monitor&quot;}
{&quot;ctime&quot;: &quot;Thu Jan  1 05:30:05 1970&quot;, &quot;data&quot;: 5, &quot;surfaced_timestamp&quot;: 5654.321000000001, &quot;timestamp&quot;: 5, &quot;host&quot;: &quot;api-xxxxxx.test.duosecurity.com&quot;, &quot;eventtype&quot;: &quot;trust_monitor&quot;}
{&quot;ctime&quot;: &quot;Thu Jan  1 05:30:06 1970&quot;, &quot;data&quot;: 6, &quot;surfaced_timestamp&quot;: 6654.321000000001, &quot;timestamp&quot;: 6, &quot;host&quot;: &quot;api-xxxxxx.test.duosecurity.com&quot;, &quot;eventtype&quot;: &quot;trust_monitor&quot;}
{&quot;ctime&quot;: &quot;Thu Jan  1 05:30:07 1970&quot;, &quot;data&quot;: 7, &quot;surfaced_timestamp&quot;: 7654.321000000001, &quot;timestamp&quot;: 7, &quot;host&quot;: &quot;api-xxxxxx.test.duosecurity.com&quot;, &quot;eventtype&quot;: &quot;trust_monitor&quot;}
{&quot;ctime&quot;: &quot;Thu Jan  1 05:30:08 1970&quot;, &quot;data&quot;: 8, &quot;surfaced_timestamp&quot;: 8654.321, &quot;timestamp&quot;: 8, &quot;host&quot;: &quot;api-xxxxxx.test.duosecurity.com&quot;, &quot;eventtype&quot;: &quot;trust_monitor&quot;}
{&quot;ctime&quot;: &quot;Thu Jan  1 05:30:09 1970&quot;, &quot;data&quot;: 9, &quot;surfaced_timestamp&quot;: 9654.321, &quot;timestamp&quot;: 9, &quot;host&quot;: &quot;api-xxxxxx.test.duosecurity.com&quot;, &quot;eventtype&quot;: &quot;trust_monitor&quot;}
{&quot;ctime&quot;: &quot;Thu Jan  1 05:30:00 1970&quot;, &quot;data&quot;: 0, &quot;surfaced_timestamp&quot;: 654.321, &quot;timestamp&quot;: 0, &quot;host&quot;: &quot;api-xxxxxx.test.duosecurity.com&quot;, &quot;eventtype&quot;: &quot;trust_monitor&quot;}
{&quot;ctime&quot;: &quot;Thu Jan  1 05:30:01 1970&quot;, &quot;data&quot;: 1, &quot;surfaced_timestamp&quot;: 1654.321, &quot;timestamp&quot;: 1, &quot;host&quot;: &quot;api-xxxxxx.test.duosecurity.com&quot;, &quot;eventtype&quot;: &quot;trust_monitor&quot;}
{&quot;ctime&quot;: &quot;Thu Jan  1 05:30:02 1970&quot;, &quot;data&quot;: 2, &quot;surfaced_timestamp&quot;: 2654.321, &quot;timestamp&quot;: 2, &quot;host&quot;: &quot;api-xxxxxx.test.duosecurity.com&quot;, &quot;eventtype&quot;: &quot;trust_monitor&quot;}
{&quot;ctime&quot;: &quot;Thu Jan  1 05:30:03 1970&quot;, &quot;data&quot;: 3, &quot;surfaced_timestamp&quot;: 3654.321, &quot;timestamp&quot;: 3, &quot;host&quot;: &quot;api-xxxxxx.test.duosecurity.com&quot;, &quot;eventtype&quot;: &quot;trust_monitor&quot;}
{&quot;ctime&quot;: &quot;Thu Jan  1 05:30:04 1970&quot;, &quot;data&quot;: 4, &quot;surfaced_timestamp&quot;: 4654.321000000001, &quot;timestamp&quot;: 4, &quot;host&quot;: &quot;api-xxxxxx.test.duosecurity.com&quot;, &quot;eventtype&quot;: &quot;trust_monitor&quot;}
{&quot;ctime&quot;: &quot;Thu Jan  1 05:30:05 1970&quot;, &quot;data&quot;: 5, &quot;surfaced_timestamp&quot;: 5654.321000000001, &quot;timestamp&quot;: 5, &quot;host&quot;: &quot;api-xxxxxx.test.duosecurity.com&quot;, &quot;eventtype&quot;: &quot;trust_monitor&quot;}
{&quot;ctime&quot;: &quot;Thu Jan  1 05:30:06 1970&quot;, &quot;data&quot;: 6, &quot;surfaced_timestamp&quot;: 6654.321000000001, &quot;timestamp&quot;: 6, &quot;host&quot;: &quot;api-xxxxxx.test.duosecurity.com&quot;, &quot;eventtype&quot;: &quot;trust_monitor&quot;}
{&quot;ctime&quot;: &quot;Thu Jan  1 05:30:07 1970&quot;, &quot;data&quot;: 7, &quot;surfaced_timestamp&quot;: 7654.321000000001, &quot;timestamp&quot;: 7, &quot;host&quot;: &quot;api-xxxxxx.test.duosecurity.com&quot;, &quot;eventtype&quot;: &quot;trust_monitor&quot;}
{&quot;ctime&quot;: &quot;Thu Jan  1 05:30:08 1970&quot;, &quot;data&quot;: 8, &quot;surfaced_timestamp&quot;: 8654.321, &quot;timestamp&quot;: 8, &quot;host&quot;: &quot;api-xxxxxx.test.duosecurity.com&quot;, &quot;eventtype&quot;: &quot;trust_monitor&quot;}
{&quot;ctime&quot;: &quot;Thu Jan  1 05:30:09 1970&quot;, &quot;data&quot;: 9, &quot;surfaced_timestamp&quot;: 9654.321, &quot;timestamp&quot;: 9, &quot;host&quot;: &quot;api-xxxxxx.test.duosecurity.com&quot;, &quot;eventtype&quot;: &quot;trust_monitor&quot;}
</system-out></testcase><testcase classname="bin.test.test_paginated_trust_monitor_log.PaginatedTrustMonitorTestCase" file="bin/test/test_paginated_trust_monitor_log.py" line="64" name="test_run_output" time="0.003"></testcase><testcase classname="bin.test.test_utils.UtilsTestCase" file="bin/test/test_utils.py" line="58" name="test_get_app_version" time="0.001"></testcase><testcase classname="bin.test.test_utils.UtilsTestCase" file="bin/test/test_utils.py" line="78" name="test_get_app_version_configparser_error" time="0.001"></testcase><testcase classname="bin.test.test_utils.UtilsTestCase" file="bin/test/test_utils.py" line="69" name="test_get_app_version_nonexistent_path_error" time="0.000"></testcase><testcase classname="bin.test.test_utils.UtilsTestCase" file="bin/test/test_utils.py" line="27" name="test_get_splunk_version" time="0.000"></testcase><testcase classname="bin.test.test_utils.UtilsTestCase" file="bin/test/test_utils.py" line="37" name="test_get_splunk_version_nonexistent_path_error" time="0.000"></testcase><testcase classname="bin.test.test_utils.UtilsTestCase" file="bin/test/test_utils.py" line="45" name="test_get_splunk_version_oserror" time="0.001"></testcase><testcase classname="bin.test.test_utils.UtilsTestCase" file="bin/test/test_utils.py" line="147" name="test_is_epoch_time_in_seconds_false_1yr_gt_now" time="0.000"></testcase><testcase classname="bin.test.test_utils.UtilsTestCase" file="bin/test/test_utils.py" line="141" name="test_is_epoch_time_in_seconds_false_1yr_lt_now" time="0.000"></testcase><testcase classname="bin.test.test_utils.UtilsTestCase" file="bin/test/test_utils.py" line="123" name="test_is_epoch_time_in_seconds_false_eq_now" time="0.000"></testcase><testcase classname="bin.test.test_utils.UtilsTestCase" file="bin/test/test_utils.py" line="135" name="test_is_epoch_time_in_seconds_false_gt_now" time="0.000"></testcase><testcase classname="bin.test.test_utils.UtilsTestCase" file="bin/test/test_utils.py" line="129" name="test_is_epoch_time_in_seconds_false_lt_now" time="0.000"></testcase><testcase classname="bin.test.test_utils.UtilsTestCase" file="bin/test/test_utils.py" line="117" name="test_is_epoch_time_in_seconds_true_1yr_gt_now" time="0.000"></testcase><testcase classname="bin.test.test_utils.UtilsTestCase" file="bin/test/test_utils.py" line="111" name="test_is_epoch_time_in_seconds_true_1yr_lt_now" time="0.000"></testcase><testcase classname="bin.test.test_utils.UtilsTestCase" file="bin/test/test_utils.py" line="92" name="test_is_epoch_time_in_seconds_true_eq_now" time="0.000"></testcase><testcase classname="bin.test.test_utils.UtilsTestCase" file="bin/test/test_utils.py" line="104" name="test_is_epoch_time_in_seconds_true_gt_now" time="0.000"></testcase><testcase classname="bin.test.test_utils.UtilsTestCase" file="bin/test/test_utils.py" line="98" name="test_is_epoch_time_in_seconds_true_lt_now" time="0.000"></testcase><testcase classname="bin.test.test_utils.UtilsTestCase" file="bin/test/test_utils.py" line="22" name="test_linearize_message_with_no_replacements" time="0.000"></testcase><testcase classname="bin.test.test_utils.UtilsTestCase" file="bin/test/test_utils.py" line="16" name="test_linearize_message_with_tabs_and_newlines" time="0.000"></testcase></testsuite></testsuites>